-- Found ament_cmake: 1.3.11 (/opt/ros/humble/share/ament_cmake/cmake)
-- Found rclcpp: 16.0.12 (/opt/ros/humble/share/rclcpp/cmake)
-- Found rosidl_generator_c: 3.1.6 (/opt/ros/humble/share/rosidl_generator_c/cmake)
-- Found rosidl_adapter: 3.1.6 (/opt/ros/humble/share/rosidl_adapter/cmake)
-- Found rosidl_generator_cpp: 3.1.6 (/opt/ros/humble/share/rosidl_generator_cpp/cmake)
-- Using all available rosidl_typesupport_c: rosidl_typesupport_fastrtps_c;rosidl_typesupport_introspection_c
-- Using all available rosidl_typesupport_cpp: rosidl_typesupport_fastrtps_cpp;rosidl_typesupport_introspection_cpp
-- Found rmw_implementation_cmake: 6.1.2 (/opt/ros/humble/share/rmw_implementation_cmake/cmake)
-- Found rmw_fastrtps_cpp: 6.2.7 (/opt/ros/humble/share/rmw_fastrtps_cpp/cmake)
-- Using RMW implementation 'rmw_fastrtps_cpp' as default
-- Found sensor_msgs: 4.8.0 (/opt/ros/humble/share/sensor_msgs/cmake)
[0mCMake Error: File /home/ubuntu/ros2_ws/src/radar_bgt60tr13c_driver/env_hook/radar_sdk_ld_path.sh.in does not exist.[0m
[31mCMake Error at CMakeLists.txt:60 (configure_file):
  configure_file Problem configuring file

[0m
[31mCMake Error at /opt/ros/humble/share/ament_cmake_core/cmake/core/assert_file_exists.cmake:20 (message):
  ament_environment_hooks() the passed hook file
  '/home/ubuntu/ros2_ws/src/radar_bgt60tr13c_driver/env_hook/radar_sdk_ld_path.sh'
  does not exist
Call Stack (most recent call first):
  /opt/ros/humble/share/ament_cmake_core/cmake/environment_hooks/ament_environment_hooks.cmake:35 (assert_file_exists)
  CMakeLists.txt:67 (ament_environment_hooks)

[0m
-- Configuring incomplete, errors occurred!
See also "/home/ubuntu/ros2_ws/src/radar_bgt60tr13c_driver/build/radar_bgt60tr13c_driver/CMakeFiles/CMakeOutput.log".
