\BOOKMARK [1][-]{Doc-Start}{\376\377\000C\000O\000N\000T\000E\000N\000T\000S}{}% 1
\BOOKMARK [1][-]{Doc-Start}{\376\377\000L\000I\000S\000T\000\040\000O\000F\000\040\000U\000S\000E\000D\000\040\000A\000B\000B\000R\000E\000V\000I\000A\000T\000I\000O\000N\000S}{}% 2
\BOOKMARK [1][-]{DTLrowi.1.26}{\376\377\000I\000N\000T\000R\000O\000D\000U\000C\000T\000I\000O\000N}{}% 3
\BOOKMARK [1][-]{section.1}{\376\377\000R\000E\000S\000E\000A\000R\000C\000H\000\040\000B\000A\000C\000K\000G\000R\000O\000U\000N\000D\000\040\000A\000N\000D\000\040\000J\000U\000S\000T\000I\000F\000Y\000I\000N\000G\000\040\000T\000H\000E\000\040\000T\000O\000P\000I\000C}{}% 4
\BOOKMARK [2][-]{subsection.1.1}{\376\377\000B\000a\000c\000k\000g\000r\000o\000u\000n\000d\000\040\000a\000n\000d\000\040\000M\000o\000t\000i\000v\000a\000t\000i\000o\000n}{section.1}% 5
\BOOKMARK [2][-]{subsection.1.2}{\376\377\000P\000r\000o\000b\000l\000e\000m\000\040\000S\000t\000a\000t\000e\000m\000e\000n\000t}{section.1}% 6
\BOOKMARK [2][-]{subsection.1.3}{\376\377\000\040\000R\000e\000s\000e\000a\000r\000c\000h\000\040\000A\000i\000m\000\040\000a\000n\000d\000\040\000O\000b\000j\000e\000c\000t\000i\000v\000e\000s}{section.1}% 7
\BOOKMARK [2][-]{subsection.1.4}{\376\377\000R\000e\000s\000e\000a\000r\000c\000h\000\040\000Q\000u\000e\000s\000t\000i\000o\000n\000s\000\040\000a\000n\000d\000\040\000H\000y\000p\000o\000t\000h\000e\000s\000e\000s}{section.1}% 8
\BOOKMARK [2][-]{subsection.1.5}{\376\377\000T\000a\000s\000k\000s}{section.1}% 9
\BOOKMARK [2][-]{subsection.1.6}{\376\377\000S\000c\000o\000p\000e\000\040\000a\000n\000d\000\040\000D\000e\000l\000i\000m\000i\000t\000a\000t\000i\000o\000n\000s}{section.1}% 10
\BOOKMARK [1][-]{section.2}{\376\377\000S\000T\000A\000T\000E\000\040\000O\000F\000\040\000T\000H\000E\000\040\000A\000R\000T}{}% 11
\BOOKMARK [2][-]{subsection.2.1}{\376\377\000I\000n\000t\000r\000o\000d\000u\000c\000t\000i\000o\000n}{section.2}% 12
\BOOKMARK [2][-]{subsection.2.2}{\376\377\000R\000a\000n\000g\000e\000\040\000S\000e\000n\000s\000i\000n\000g\000\040\000T\000e\000c\000h\000n\000o\000l\000o\000g\000i\000e\000s}{section.2}% 13
\BOOKMARK [3][-]{subsubsection.2.2.1}{\376\377\000L\000i\000d\000a\000r}{subsection.2.2}% 14
\BOOKMARK [3][-]{subsubsection.2.2.2}{\376\377\000O\000p\000t\000i\000c\000a\000l\000\040\000S\000e\000n\000s\000o\000r\000s}{subsection.2.2}% 15
\BOOKMARK [3][-]{subsubsection.2.2.3}{\376\377\000R\000a\000d\000a\000r\000\040\000S\000e\000n\000s\000o\000r\000s}{subsection.2.2}% 16
\BOOKMARK [3][-]{subsubsection.2.2.4}{\376\377\000A\000c\000o\000u\000s\000t\000i\000c\000\040\000S\000e\000n\000s\000o\000r\000s}{subsection.2.2}% 17
\BOOKMARK [2][-]{subsection.2.3}{\376\377\000M\000o\000t\000i\000o\000n\000\040\000P\000l\000a\000n\000n\000i\000n\000g}{section.2}% 18
\BOOKMARK [3][-]{subsubsection.2.3.1}{\376\377\000P\000a\000t\000h\000f\000i\000n\000d\000i\000n\000g}{subsection.2.3}% 19
\BOOKMARK [3][-]{subsubsection.2.3.2}{\376\377\000M\000o\000t\000i\000o\000n\000\040\000P\000l\000a\000n\000n\000i\000n\000g}{subsection.2.3}% 20
\BOOKMARK [3][-]{subsubsection.2.3.3}{\376\377\000S\000L\000A\000M}{subsection.2.3}% 21
\BOOKMARK [2][-]{subsection.2.4}{\376\377\000S\000y\000n\000t\000h\000e\000s\000i\000s\000\040\000a\000n\000d\000\040\000R\000e\000s\000e\000a\000r\000c\000h\000\040\000G\000a\000p\000s\000\040}{section.2}% 22
\BOOKMARK [1][-]{section.3}{\376\377\000M\000e\000t\000h\000o\000d\000o\000l\000o\000g\000y\000\040\000\046\000\040\000D\000e\000v\000e\000l\000o\000p\000m\000e\000n\000t\000\040\000e\000q\000u\000i\000p\000m\000e\000n\000t}{}% 23
\BOOKMARK [2][-]{subsection.3.1}{\376\377\000R\000e\000s\000e\000a\000r\000c\000h\000\040\000D\000e\000s\000i\000g\000n\000/\000A\000p\000p\000r\000o\000a\000c\000h\000\040}{section.3}% 24
\BOOKMARK [2][-]{subsection.3.2}{\376\377\000D\000a\000t\000a\000\040\000C\000o\000l\000l\000e\000c\000t\000i\000o\000n\000/\000E\000x\000p\000e\000r\000i\000m\000e\000n\000t\000a\000l\000\040\000S\000e\000t\000u\000p}{section.3}% 25
\BOOKMARK [2][-]{subsection.3.3}{\376\377\000R\000o\000b\000o\000t\000\040\000P\000l\000a\000t\000f\000o\000r\000m}{section.3}% 26
\BOOKMARK [2][-]{subsection.3.4}{\376\377\000R\000O\000S\0002}{section.3}% 27
\BOOKMARK [1][-]{section.4}{\376\377\000R\000a\000d\000a\000r\000\040\000A\000n\000a\000l\000y\000s\000i\000s}{}% 28
\BOOKMARK [2][-]{subsection.4.1}{\376\377\000R\000a\000t\000i\000o\000n\000a\000l\000e\000\040\000f\000o\000r\000\040\000t\000h\000e\000\040\000s\000e\000l\000e\000c\000t\000i\000o\000n\000\040\000o\000f\000\040\000R\000a\000d\000a\000r\000\040}{section.4}% 29
\BOOKMARK [2][-]{subsection.4.2}{\376\377\000F\000e\000a\000t\000u\000r\000e\000s\000\040\000o\000f\000\040\000r\000a\000d\000a\000r\000\040\000s\000i\000g\000n\000a\000l\000s}{section.4}% 30
\BOOKMARK [3][-]{subsubsection.4.2.1}{\376\377\000F\000M\000C\000W\000\040\000f\000e\000a\000t\000u\000r\000e\000s\000\040\000i\000n\000\040\000r\000a\000d\000a\000r\000\040\000s\000y\000s\000t\000e\000m\000s}{subsection.4.2}% 31
\BOOKMARK [3][-]{subsubsection.4.2.2}{\376\377\000P\000u\000l\000s\000e\000\040\000c\000o\000m\000p\000r\000e\000s\000s\000i\000o\000n}{subsection.4.2}% 32
\BOOKMARK [3][-]{subsubsection.4.2.3}{\376\377\000F\000r\000e\000q\000u\000e\000n\000c\000y\000\040\000m\000o\000d\000u\000l\000a\000t\000i\000o\000n}{subsection.4.2}% 33
\BOOKMARK [3][-]{subsubsection.4.2.4}{\376\377\000P\000u\000l\000s\000e\000\040\000r\000e\000p\000e\000t\000i\000t\000i\000o\000n\000\040\000f\000r\000e\000q\000u\000e\000n\000c\000y}{subsection.4.2}% 34
\BOOKMARK [3][-]{subsubsection.4.2.5}{\376\377\000B\000a\000n\000d\000w\000i\000d\000t\000h}{subsection.4.2}% 35
\BOOKMARK [3][-]{subsubsection.4.2.6}{\376\377\000R\000e\000s\000o\000l\000u\000t\000i\000o\000n}{subsection.4.2}% 36
\BOOKMARK [3][-]{subsubsection.4.2.7}{\376\377\000R\000a\000n\000g\000e}{subsection.4.2}% 37
\BOOKMARK [2][-]{subsection.4.3}{\376\377\000R\000a\000d\000a\000r\000\040\000c\000o\000n\000n\000e\000c\000t\000i\000o\000n\000\040\000d\000i\000a\000g\000r\000a\000m}{section.4}% 38
\BOOKMARK [2][-]{subsection.4.4}{\376\377\000C\000o\000m\000p\000a\000r\000i\000s\000o\000n\000\040\000o\000f\000\040\000R\000a\000d\000a\000r\000\040\000S\000y\000s\000t\000e\000m\000\040\000P\000a\000r\000a\000m\000e\000t\000e\000r\000s}{section.4}% 39
\BOOKMARK [1][-]{section.5}{\376\377\000R\000a\000d\000a\000r\000s\000\040\000D\000a\000t\000a\000\040\000P\000r\000o\000c\000e\000s\000s\000i\000n\000g\000\040\000A\000n\000a\000l\000y\000s\000i\000s}{}% 40
\BOOKMARK [2][-]{subsection.5.1}{\376\377\000D\000e\000t\000e\000c\000t\000i\000o\000n\000\040\000e\000n\000v\000i\000r\000o\000n\000m\000e\000n\000t\000\040}{section.5}% 41
\BOOKMARK [2][-]{subsection.5.2}{\376\377\000P\000a\000r\000a\000m\000e\000t\000e\000r\000i\000z\000a\000t\000i\000o\000n\000\040\000o\000f\000\040\000t\000h\000e\000\040\000r\000a\000d\000a\000r\000\040\000s\000y\000s\000t\000e\000m}{section.5}% 42
\BOOKMARK [2][-]{subsection.5.3}{\376\377\000P\000r\000o\000g\000r\000a\000m\000\040\000i\000m\000p\000l\000e\000m\000e\000n\000t\000a\000t\000i\000o\000n}{section.5}% 43
\BOOKMARK [2][-]{subsection.5.4}{\376\377\000R\000e\000s\000u\000l\000t\000s\000\040\000o\000f\000\040\000t\000h\000e\000\040\000e\000x\000p\000e\000r\000i\000m\000e\000n\000t\000s}{section.5}% 44
\BOOKMARK [1][-]{section.6}{\376\377\000U\000t\000i\000l\000i\000z\000a\000t\000i\000o\000n\000\040\000f\000o\000r\000\040\000R\000o\000b\000o\000t\000\040\000m\000o\000t\000i\000o\000n\000\040\000P\000l\000a\000n\000n\000i\000n\000g}{}% 45
\BOOKMARK [2][-]{subsection.6.1}{\376\377\000R\000o\000b\000o\000t\000\040\000P\000l\000a\000t\000f\000o\000r\000m}{section.6}% 46
\BOOKMARK [2][-]{subsection.6.2}{\376\377\000T\000a\000s\000k\000s\000\040\000a\000n\000d\000\040\000s\000c\000e\000n\000a\000r\000i\000o\000s}{section.6}% 47
\BOOKMARK [2][-]{subsection.6.3}{\376\377\000A\000r\000c\000h\000i\000t\000e\000c\000t\000u\000r\000e\000\040\000o\000f\000\040\000t\000h\000e\000\040\000m\000o\000t\000i\000o\000n\000\040\000p\000l\000a\000n\000n\000i\000n\000g\000\040\000s\000y\000s\000t\000e\000m}{section.6}% 48
\BOOKMARK [3][-]{subsubsection.6.3.1}{\376\377\000S\000o\000f\000t\000w\000a\000r\000e\000\040\000a\000r\000c\000h\000i\000t\000e\000c\000t\000u\000r\000e}{subsection.6.3}% 49
\BOOKMARK [3][-]{subsubsection.6.3.2}{\376\377\000A\000l\000g\000o\000r\000i\000t\000h\000m\000\040\000i\000m\000p\000l\000e\000m\000e\000n\000t\000a\000t\000i\000o\000n}{subsection.6.3}% 50
\BOOKMARK [2][-]{subsection.6.4}{\376\377\000E\000x\000p\000e\000r\000i\000m\000e\000n\000t\000a\000l\000\040\000r\000e\000s\000u\000l\000t\000s}{section.6}% 51
\BOOKMARK [1][-]{section.7}{\376\377\000E\000x\000p\000e\000r\000i\000m\000e\000n\000t\000a\000l\000\040\000R\000e\000s\000u\000l\000t\000s\000\040\000a\000n\000d\000\040\000A\000n\000a\000l\000y\000s\000i\000s}{}% 52
\BOOKMARK [2][-]{subsection.7.1}{\376\377\000R\000a\000d\000a\000r\000s\000\040\000D\000a\000t\000a\000\040\000P\000r\000o\000c\000e\000s\000s\000i\000n\000g\000\040\000A\000n\000a\000l\000y\000s\000i\000s}{section.7}% 53
\BOOKMARK [1][-]{section.8}{\376\377\000C\000o\000n\000c\000l\000u\000s\000i\000o\000n}{}% 54
\BOOKMARK [2][-]{subsection.8.1}{\376\377\000U\000t\000i\000l\000i\000z\000a\000t\000i\000o\000n\000\040\000f\000o\000r\000\040\000R\000o\000b\000o\000t\000\040\000M\000o\000t\000i\000o\000n\000\040\000P\000l\000a\000n\000n\000i\000n\000g}{section.8}% 55
\BOOKMARK [1][-]{subsection.8.1}{\376\377\000L\000I\000S\000T\000\040\000O\000F\000\040\000U\000S\000E\000D\000\040\000R\000E\000F\000E\000R\000E\000N\000C\000E\000S\000\040\000A\000N\000D\000\040\000S\000O\000U\000R\000C\000E\000S}{}% 56
