/usr/bin/ld: warning: liblib_smartar.so, needed by ../../radar_sdk/libs/linux_x64/libsdk_fmcw.so, not found (try using -rpath or -rpath-link)
/usr/bin/ld: ../../radar_sdk/libs/linux_x64/libsdk_fmcw.so: undefined reference to `Infineon::Smartar::Configuration::get_adc_config(unsigned char, Infineon::Smartar::Adc_Config&) const'
/usr/bin/ld: ../../radar_sdk/libs/linux_x64/libsdk_fmcw.so: undefined reference to `Infineon::Smartar::Configuration::get_sys_clock() const'
/usr/bin/ld: ../../radar_sdk/libs/linux_x64/libsdk_fmcw.so: undefined reference to `Infineon::Smartar::Configuration::set_fifo_threshold(unsigned short)'
/usr/bin/ld: ../../radar_sdk/libs/linux_x64/libsdk_fmcw.so: undefined reference to `Infineon::Smartar::Configuration::get_rx_config(unsigned char, unsigned char, Infineon::Smartar::Rx_Config&) const'
/usr/bin/ld: ../../radar_sdk/libs/linux_x64/libsdk_fmcw.so: undefined reference to `Infineon::Smartar::Device_Traits::get_device_type(unsigned int)'
/usr/bin/ld: ../../radar_sdk/libs/linux_x64/libsdk_fmcw.so: undefined reference to `Infineon::Smartar::Communication::clear_fifo_threshold_interrupt()'
/usr/bin/ld: ../../radar_sdk/libs/linux_x64/libsdk_fmcw.so: undefined reference to `vtable for Infineon::Smartar::DummyPort'
/usr/bin/ld: ../../radar_sdk/libs/linux_x64/libsdk_fmcw.so: undefined reference to `Infineon::Smartar::Configuration::get_register_map()'
/usr/bin/ld: ../../radar_sdk/libs/linux_x64/libsdk_fmcw.so: undefined reference to `Infineon::Smartar::Communication::Communication(std::unique_ptr<IPort, std::default_delete<IPort> >)'
/usr/bin/ld: ../../radar_sdk/libs/linux_x64/libsdk_fmcw.so: undefined reference to `Infineon::Smartar::Value_Conversion::Scaled_Timer::get_clock_cycles() const'
/usr/bin/ld: ../../radar_sdk/libs/linux_x64/libsdk_fmcw.so: undefined reference to `Infineon::Smartar::Configuration::Configuration(Infineon::Smartar::Device_Type, double, bool)'
/usr/bin/ld: ../../radar_sdk/libs/linux_x64/libsdk_fmcw.so: undefined reference to `Infineon::Smartar::Configuration::set_sequence(unsigned char, Infineon::Smartar::Sequence_Config const&)'
/usr/bin/ld: ../../radar_sdk/libs/linux_x64/libsdk_fmcw.so: undefined reference to `Infineon::Smartar::Communication::reset(Infineon::Smartar::ResetType)'
/usr/bin/ld: ../../radar_sdk/libs/linux_x64/libsdk_fmcw.so: undefined reference to `Infineon::Smartar::Configuration::get_tx_config(unsigned char, unsigned char, Infineon::Smartar::Tx_Config&) const'
/usr/bin/ld: ../../radar_sdk/libs/linux_x64/libsdk_fmcw.so: undefined reference to `Infineon::Smartar::Configuration::get_ramp_config(unsigned char, Infineon::Smartar::Ramp_Config&) const'
/usr/bin/ld: ../../radar_sdk/libs/linux_x64/libsdk_fmcw.so: undefined reference to `Infineon::Smartar::Communication::read_hw_id() const'
/usr/bin/ld: ../../radar_sdk/libs/linux_x64/libsdk_fmcw.so: undefined reference to `Infineon::Smartar::Configuration::set_tx_config(unsigned char, unsigned char, Infineon::Smartar::Tx_Config const&)'
/usr/bin/ld: ../../radar_sdk/libs/linux_x64/libsdk_fmcw.so: undefined reference to `Infineon::Smartar::Device_Traits::get(Infineon::Smartar::Device_Type)'
/usr/bin/ld: ../../radar_sdk/libs/linux_x64/libsdk_fmcw.so: undefined reference to `Infineon::Smartar::Configuration::set_adc_config(unsigned char, Infineon::Smartar::Adc_Config const&)'
/usr/bin/ld: ../../radar_sdk/libs/linux_x64/libsdk_fmcw.so: undefined reference to `Infineon::Smartar::Communication::write_sequence_trigger(unsigned char)'
/usr/bin/ld: ../../radar_sdk/libs/linux_x64/libsdk_fmcw.so: undefined reference to `Infineon::Smartar::Communication::read_configuration(std::map<unsigned short, unsigned int, std::less<unsigned short>, std::allocator<std::pair<unsigned short const, unsigned int> > >&)'
/usr/bin/ld: ../../radar_sdk/libs/linux_x64/libsdk_fmcw.so: undefined reference to `Infineon::Smartar::Configuration::set_ramp_config(unsigned char, Infineon::Smartar::Ramp_Config const&)'
/usr/bin/ld: ../../radar_sdk/libs/linux_x64/libsdk_fmcw.so: undefined reference to `Infineon::Smartar::Configuration::Configuration(Infineon::Smartar::Configuration&)'
/usr/bin/ld: ../../radar_sdk/libs/linux_x64/libsdk_fmcw.so: undefined reference to `Infineon::Smartar::Configuration::get_ramp_duration(unsigned char)'
/usr/bin/ld: ../../radar_sdk/libs/linux_x64/libsdk_fmcw.so: undefined reference to `Infineon::Smartar::Configuration::get_sequence(unsigned char, Infineon::Smartar::Sequence_Config&) const'
/usr/bin/ld: ../../radar_sdk/libs/linux_x64/libsdk_fmcw.so: undefined reference to `Infineon::Smartar::Value_Conversion::Scaled_Timer::Scaled_Timer(unsigned int, unsigned int, unsigned int, bool)'
/usr/bin/ld: ../../radar_sdk/libs/linux_x64/libsdk_fmcw.so: undefined reference to `Infineon::Smartar::Internal::StrataPort::StrataPort(BoardInstance*)'
/usr/bin/ld: ../../radar_sdk/libs/linux_x64/libsdk_fmcw.so: undefined reference to `Infineon::Smartar::Configuration::set_rx_config(unsigned char, unsigned char, Infineon::Smartar::Rx_Config const&)'
/usr/bin/ld: ../../radar_sdk/libs/linux_x64/libsdk_fmcw.so: undefined reference to `Infineon::Smartar::Communication::write_configuration(std::map<unsigned short, unsigned int, std::less<unsigned short>, std::allocator<std::pair<unsigned short const, unsigned int> > >&)'
/usr/bin/ld: ../../radar_sdk/libs/linux_x64/libsdk_fmcw.so: undefined reference to `Infineon::Smartar::Communication::wait_for_sequence_finished(unsigned char, unsigned int)'
collect2: error: ld returned 1 exit status
gmake[2]: *** [CMakeFiles/radar_publisher_node.dir/build.make:182: radar_publisher_node] Error 1
gmake[1]: *** [CMakeFiles/Makefile2:137: CMakeFiles/radar_publisher_node.dir/all] Error 2
gmake: *** [Makefile:146: all] Error 2
