-- The C compiler identification is GNU 11.4.0
-- The CXX compiler identification is GNU 11.4.0
-- Detecting C compiler ABI info
-- Detecting C compiler ABI info - done
-- Check for working C compiler: /usr/bin/cc - skipped
-- Detecting C compile features
-- Detecting C compile features - done
-- Detecting CXX compiler ABI info
-- Detecting CXX compiler ABI info - done
-- Check for working CXX compiler: /usr/bin/c++ - skipped
-- Detecting CXX compile features
-- Detecting CXX compile features - done
-- Found ament_cmake: 1.3.11 (/opt/ros/humble/share/ament_cmake/cmake)
-- Found Python3: /usr/bin/python3 (found version "3.10.12") found components: Interpreter 
-- Found rclcpp: 16.0.12 (/opt/ros/humble/share/rclcpp/cmake)
-- Found rosidl_generator_c: 3.1.6 (/opt/ros/humble/share/rosidl_generator_c/cmake)
-- Found rosidl_adapter: 3.1.6 (/opt/ros/humble/share/rosidl_adapter/cmake)
-- Found rosidl_generator_cpp: 3.1.6 (/opt/ros/humble/share/rosidl_generator_cpp/cmake)
-- Using all available rosidl_typesupport_c: rosidl_typesupport_fastrtps_c;rosidl_typesupport_introspection_c
-- Using all available rosidl_typesupport_cpp: rosidl_typesupport_fastrtps_cpp;rosidl_typesupport_introspection_cpp
-- Found rmw_implementation_cmake: 6.1.2 (/opt/ros/humble/share/rmw_implementation_cmake/cmake)
-- Found rmw_fastrtps_cpp: 6.2.7 (/opt/ros/humble/share/rmw_fastrtps_cpp/cmake)
-- Found OpenSSL: /usr/lib/x86_64-linux-gnu/libcrypto.so (found version "3.0.2")  
-- Found FastRTPS: /opt/ros/humble/include  
-- Using RMW implementation 'rmw_fastrtps_cpp' as default
-- Looking for pthread.h
-- Looking for pthread.h - found
-- Performing Test CMAKE_HAVE_LIBC_PTHREAD
-- Performing Test CMAKE_HAVE_LIBC_PTHREAD - Success
-- Found Threads: TRUE  
-- Found sensor_msgs: 4.8.0 (/opt/ros/humble/share/sensor_msgs/cmake)
-- Configuring done
-- Generating done
-- Build files have been written to: /home/ubuntu/ros2_ws/src/radar_bgt60tr13c_driver/build/radar_bgt60tr13c_driver
[ 50%] [32mBuilding CXX object CMakeFiles/radar_publisher_node.dir/src/radar_node.cpp.o[0m
[100%] [32m[1mLinking CXX executable radar_publisher_node[0m
/usr/bin/ld: warning: liblib_smartar.so, needed by ../../radar_sdk/libs/linux_x64/libsdk_fmcw.so, not found (try using -rpath or -rpath-link)
/usr/bin/ld: ../../radar_sdk/libs/linux_x64/libsdk_fmcw.so: undefined reference to `Infineon::Smartar::Configuration::get_adc_config(unsigned char, Infineon::Smartar::Adc_Config&) const'
/usr/bin/ld: ../../radar_sdk/libs/linux_x64/libsdk_fmcw.so: undefined reference to `Infineon::Smartar::Configuration::get_sys_clock() const'
/usr/bin/ld: ../../radar_sdk/libs/linux_x64/libsdk_fmcw.so: undefined reference to `Infineon::Smartar::Configuration::set_fifo_threshold(unsigned short)'
/usr/bin/ld: ../../radar_sdk/libs/linux_x64/libsdk_fmcw.so: undefined reference to `Infineon::Smartar::Configuration::get_rx_config(unsigned char, unsigned char, Infineon::Smartar::Rx_Config&) const'
/usr/bin/ld: ../../radar_sdk/libs/linux_x64/libsdk_fmcw.so: undefined reference to `Infineon::Smartar::Device_Traits::get_device_type(unsigned int)'
/usr/bin/ld: ../../radar_sdk/libs/linux_x64/libsdk_fmcw.so: undefined reference to `Infineon::Smartar::Communication::clear_fifo_threshold_interrupt()'
/usr/bin/ld: ../../radar_sdk/libs/linux_x64/libsdk_fmcw.so: undefined reference to `vtable for Infineon::Smartar::DummyPort'
/usr/bin/ld: ../../radar_sdk/libs/linux_x64/libsdk_fmcw.so: undefined reference to `Infineon::Smartar::Configuration::get_register_map()'
/usr/bin/ld: ../../radar_sdk/libs/linux_x64/libsdk_fmcw.so: undefined reference to `Infineon::Smartar::Communication::Communication(std::unique_ptr<IPort, std::default_delete<IPort> >)'
/usr/bin/ld: ../../radar_sdk/libs/linux_x64/libsdk_fmcw.so: undefined reference to `Infineon::Smartar::Value_Conversion::Scaled_Timer::get_clock_cycles() const'
/usr/bin/ld: ../../radar_sdk/libs/linux_x64/libsdk_fmcw.so: undefined reference to `Infineon::Smartar::Configuration::Configuration(Infineon::Smartar::Device_Type, double, bool)'
/usr/bin/ld: ../../radar_sdk/libs/linux_x64/libsdk_fmcw.so: undefined reference to `Infineon::Smartar::Configuration::set_sequence(unsigned char, Infineon::Smartar::Sequence_Config const&)'
/usr/bin/ld: ../../radar_sdk/libs/linux_x64/libsdk_fmcw.so: undefined reference to `Infineon::Smartar::Communication::reset(Infineon::Smartar::ResetType)'
/usr/bin/ld: ../../radar_sdk/libs/linux_x64/libsdk_fmcw.so: undefined reference to `Infineon::Smartar::Configuration::get_tx_config(unsigned char, unsigned char, Infineon::Smartar::Tx_Config&) const'
/usr/bin/ld: ../../radar_sdk/libs/linux_x64/libsdk_fmcw.so: undefined reference to `Infineon::Smartar::Configuration::get_ramp_config(unsigned char, Infineon::Smartar::Ramp_Config&) const'
/usr/bin/ld: ../../radar_sdk/libs/linux_x64/libsdk_fmcw.so: undefined reference to `Infineon::Smartar::Communication::read_hw_id() const'
/usr/bin/ld: ../../radar_sdk/libs/linux_x64/libsdk_fmcw.so: undefined reference to `Infineon::Smartar::Configuration::set_tx_config(unsigned char, unsigned char, Infineon::Smartar::Tx_Config const&)'
/usr/bin/ld: ../../radar_sdk/libs/linux_x64/libsdk_fmcw.so: undefined reference to `Infineon::Smartar::Device_Traits::get(Infineon::Smartar::Device_Type)'
/usr/bin/ld: ../../radar_sdk/libs/linux_x64/libsdk_fmcw.so: undefined reference to `Infineon::Smartar::Configuration::set_adc_config(unsigned char, Infineon::Smartar::Adc_Config const&)'
/usr/bin/ld: ../../radar_sdk/libs/linux_x64/libsdk_fmcw.so: undefined reference to `Infineon::Smartar::Communication::write_sequence_trigger(unsigned char)'
/usr/bin/ld: ../../radar_sdk/libs/linux_x64/libsdk_fmcw.so: undefined reference to `Infineon::Smartar::Communication::read_configuration(std::map<unsigned short, unsigned int, std::less<unsigned short>, std::allocator<std::pair<unsigned short const, unsigned int> > >&)'
/usr/bin/ld: ../../radar_sdk/libs/linux_x64/libsdk_fmcw.so: undefined reference to `Infineon::Smartar::Configuration::set_ramp_config(unsigned char, Infineon::Smartar::Ramp_Config const&)'
/usr/bin/ld: ../../radar_sdk/libs/linux_x64/libsdk_fmcw.so: undefined reference to `Infineon::Smartar::Configuration::Configuration(Infineon::Smartar::Configuration&)'
/usr/bin/ld: ../../radar_sdk/libs/linux_x64/libsdk_fmcw.so: undefined reference to `Infineon::Smartar::Configuration::get_ramp_duration(unsigned char)'
/usr/bin/ld: ../../radar_sdk/libs/linux_x64/libsdk_fmcw.so: undefined reference to `Infineon::Smartar::Configuration::get_sequence(unsigned char, Infineon::Smartar::Sequence_Config&) const'
/usr/bin/ld: ../../radar_sdk/libs/linux_x64/libsdk_fmcw.so: undefined reference to `Infineon::Smartar::Value_Conversion::Scaled_Timer::Scaled_Timer(unsigned int, unsigned int, unsigned int, bool)'
/usr/bin/ld: ../../radar_sdk/libs/linux_x64/libsdk_fmcw.so: undefined reference to `Infineon::Smartar::Internal::StrataPort::StrataPort(BoardInstance*)'
/usr/bin/ld: ../../radar_sdk/libs/linux_x64/libsdk_fmcw.so: undefined reference to `Infineon::Smartar::Configuration::set_rx_config(unsigned char, unsigned char, Infineon::Smartar::Rx_Config const&)'
/usr/bin/ld: ../../radar_sdk/libs/linux_x64/libsdk_fmcw.so: undefined reference to `Infineon::Smartar::Communication::write_configuration(std::map<unsigned short, unsigned int, std::less<unsigned short>, std::allocator<std::pair<unsigned short const, unsigned int> > >&)'
/usr/bin/ld: ../../radar_sdk/libs/linux_x64/libsdk_fmcw.so: undefined reference to `Infineon::Smartar::Communication::wait_for_sequence_finished(unsigned char, unsigned int)'
collect2: error: ld returned 1 exit status
gmake[2]: *** [CMakeFiles/radar_publisher_node.dir/build.make:182: radar_publisher_node] Error 1
gmake[1]: *** [CMakeFiles/Makefile2:137: CMakeFiles/radar_publisher_node.dir/all] Error 2
gmake: *** [Makefile:146: all] Error 2
