[0.013s] Invoking command in '/home/ubuntu/ros2_ws/src/radar_bgt60tr13c_driver/build/radar_bgt60tr13c_driver': CMAKE_PREFIX_PATH=${CMAKE_PREFIX_PATH}:/home/ubuntu/turtlebot3_ws/install/turtlebot3_teleop:/home/ubuntu/turtlebot3_ws/install/turtlebot3_example:/opt/ros/humble /usr/bin/cmake /home/ubuntu/ros2_ws/src/radar_bgt60tr13c_driver -DCMAKE_INSTALL_PREFIX=/home/ubuntu/ros2_ws/src/radar_bgt60tr13c_driver/install/radar_bgt60tr13c_driver
[0.086s] -- The C compiler identification is GNU 11.4.0
[0.145s] -- The CXX compiler identification is GNU 11.4.0
[0.154s] -- Detecting C compiler ABI info
[0.253s] -- Detecting C compiler ABI info - done
[0.257s] -- Check for working C compiler: /usr/bin/cc - skipped
[0.257s] -- Detecting C compile features
[0.257s] -- Detecting C compile features - done
[0.259s] -- Detecting CXX compiler ABI info
[0.366s] -- Detecting CXX compiler ABI info - done
[0.371s] -- Check for working CXX compiler: /usr/bin/c++ - skipped
[0.371s] -- Detecting CXX compile features
[0.371s] -- Detecting CXX compile features - done
[0.374s] -- Found ament_cmake: 1.3.11 (/opt/ros/humble/share/ament_cmake/cmake)
[0.505s] -- Found Python3: /usr/bin/python3 (found version "3.10.12") found components: Interpreter 
[0.589s] -- Found rclcpp: 16.0.12 (/opt/ros/humble/share/rclcpp/cmake)
[0.630s] -- Found rosidl_generator_c: 3.1.6 (/opt/ros/humble/share/rosidl_generator_c/cmake)
[0.635s] -- Found rosidl_adapter: 3.1.6 (/opt/ros/humble/share/rosidl_adapter/cmake)
[0.643s] -- Found rosidl_generator_cpp: 3.1.6 (/opt/ros/humble/share/rosidl_generator_cpp/cmake)
[0.652s] -- Using all available rosidl_typesupport_c: rosidl_typesupport_fastrtps_c;rosidl_typesupport_introspection_c
[0.665s] -- Using all available rosidl_typesupport_cpp: rosidl_typesupport_fastrtps_cpp;rosidl_typesupport_introspection_cpp
[0.702s] -- Found rmw_implementation_cmake: 6.1.2 (/opt/ros/humble/share/rmw_implementation_cmake/cmake)
[0.705s] -- Found rmw_fastrtps_cpp: 6.2.7 (/opt/ros/humble/share/rmw_fastrtps_cpp/cmake)
[0.856s] -- Found OpenSSL: /usr/lib/x86_64-linux-gnu/libcrypto.so (found version "3.0.2")  
[0.882s] -- Found FastRTPS: /opt/ros/humble/include  
[0.929s] -- Using RMW implementation 'rmw_fastrtps_cpp' as default
[0.941s] -- Looking for pthread.h
[1.043s] -- Looking for pthread.h - found
[1.043s] -- Performing Test CMAKE_HAVE_LIBC_PTHREAD
[1.140s] -- Performing Test CMAKE_HAVE_LIBC_PTHREAD - Success
[1.141s] -- Found Threads: TRUE  
[1.177s] -- Found sensor_msgs: 4.8.0 (/opt/ros/humble/share/sensor_msgs/cmake)
[1.245s] -- Configuring done
[1.252s] [33mCMake Warning at CMakeLists.txt:27 (add_executable):
[1.253s]   Cannot generate a safe runtime search path for target radar_publisher_node
[1.253s]   because there is a cycle in the constraint graph:
[1.253s] 
[1.253s]     dir 0 is [/home/ubuntu/ros2_ws/src/radar_bgt60tr13c_driver/radar_sdk/libs/linux_x64]
[1.253s]       dir 1 must precede it due to runtime library [libsdk_base.so]
[1.253s]     dir 1 is [/home/ubuntu/ros2_ws/src/radar_bgt60tr13c_driver/radar_sdk/build/bin/lib]
[1.253s]       dir 0 must precede it due to runtime library [libsdk_algo.so]
[1.253s]     dir 2 is [/opt/ros/humble/lib]
[1.253s] 
[1.253s]   Some of these libraries may not be found correctly.
[1.253s] 
[1.253s] [0m
[1.253s] -- Generating done
[1.256s] -- Build files have been written to: /home/ubuntu/ros2_ws/src/radar_bgt60tr13c_driver/build/radar_bgt60tr13c_driver
[1.270s] Invoked command in '/home/ubuntu/ros2_ws/src/radar_bgt60tr13c_driver/build/radar_bgt60tr13c_driver' returned '0': CMAKE_PREFIX_PATH=${CMAKE_PREFIX_PATH}:/home/ubuntu/turtlebot3_ws/install/turtlebot3_teleop:/home/ubuntu/turtlebot3_ws/install/turtlebot3_example:/opt/ros/humble /usr/bin/cmake /home/ubuntu/ros2_ws/src/radar_bgt60tr13c_driver -DCMAKE_INSTALL_PREFIX=/home/ubuntu/ros2_ws/src/radar_bgt60tr13c_driver/install/radar_bgt60tr13c_driver
[1.272s] Invoking command in '/home/ubuntu/ros2_ws/src/radar_bgt60tr13c_driver/build/radar_bgt60tr13c_driver': CMAKE_PREFIX_PATH=${CMAKE_PREFIX_PATH}:/home/ubuntu/turtlebot3_ws/install/turtlebot3_teleop:/home/ubuntu/turtlebot3_ws/install/turtlebot3_example:/opt/ros/humble /usr/bin/cmake --build /home/ubuntu/ros2_ws/src/radar_bgt60tr13c_driver/build/radar_bgt60tr13c_driver -- -j16 -l16
[1.330s] [35m[1mConsolidate compiler generated dependencies of target radar_publisher_node[0m
[1.354s] [ 50%] [32m[1mLinking CXX executable radar_publisher_node[0m
[1.523s] [100%] Built target radar_publisher_node
[1.537s] Invoked command in '/home/ubuntu/ros2_ws/src/radar_bgt60tr13c_driver/build/radar_bgt60tr13c_driver' returned '0': CMAKE_PREFIX_PATH=${CMAKE_PREFIX_PATH}:/home/ubuntu/turtlebot3_ws/install/turtlebot3_teleop:/home/ubuntu/turtlebot3_ws/install/turtlebot3_example:/opt/ros/humble /usr/bin/cmake --build /home/ubuntu/ros2_ws/src/radar_bgt60tr13c_driver/build/radar_bgt60tr13c_driver -- -j16 -l16
[1.547s] Invoking command in '/home/ubuntu/ros2_ws/src/radar_bgt60tr13c_driver/build/radar_bgt60tr13c_driver': CMAKE_PREFIX_PATH=${CMAKE_PREFIX_PATH}:/home/ubuntu/turtlebot3_ws/install/turtlebot3_teleop:/home/ubuntu/turtlebot3_ws/install/turtlebot3_example:/opt/ros/humble /usr/bin/cmake --install /home/ubuntu/ros2_ws/src/radar_bgt60tr13c_driver/build/radar_bgt60tr13c_driver
[1.555s] -- Install configuration: ""
[1.556s] -- Installing: /home/ubuntu/ros2_ws/src/radar_bgt60tr13c_driver/install/radar_bgt60tr13c_driver/lib/radar_bgt60tr13c_driver/radar_publisher_node
[1.557s] -- Set runtime path of "/home/ubuntu/ros2_ws/src/radar_bgt60tr13c_driver/install/radar_bgt60tr13c_driver/lib/radar_bgt60tr13c_driver/radar_publisher_node" to ""
[1.557s] -- Up-to-date: /home/ubuntu/ros2_ws/src/radar_bgt60tr13c_driver/install/radar_bgt60tr13c_driver/lib/libsdk_base.so
[1.557s] -- Installing: /home/ubuntu/ros2_ws/src/radar_bgt60tr13c_driver/install/radar_bgt60tr13c_driver/lib/libsdk_algo.so
[1.558s] -- Up-to-date: /home/ubuntu/ros2_ws/src/radar_bgt60tr13c_driver/install/radar_bgt60tr13c_driver/lib/libstrata_shared.so
[1.558s] -- Up-to-date: /home/ubuntu/ros2_ws/src/radar_bgt60tr13c_driver/install/radar_bgt60tr13c_driver/lib/libsdk_avian.so
[1.558s] -- Up-to-date: /home/ubuntu/ros2_ws/src/radar_bgt60tr13c_driver/install/radar_bgt60tr13c_driver/lib/liblib_avian.so
[1.558s] -- Up-to-date: /home/ubuntu/ros2_ws/src/radar_bgt60tr13c_driver/install/radar_bgt60tr13c_driver/lib/libsdk_fmcw.so
[1.558s] -- Up-to-date: /home/ubuntu/ros2_ws/src/radar_bgt60tr13c_driver/install/radar_bgt60tr13c_driver/lib/libsdk_radar.so
[1.558s] -- Up-to-date: /home/ubuntu/ros2_ws/src/radar_bgt60tr13c_driver/install/radar_bgt60tr13c_driver/lib/libradar_sdk.so
[1.558s] -- Up-to-date: /home/ubuntu/ros2_ws/src/radar_bgt60tr13c_driver/install/radar_bgt60tr13c_driver/lib/libsdk_radar_device_common.so
[1.559s] -- Installing: /home/ubuntu/ros2_ws/src/radar_bgt60tr13c_driver/install/radar_bgt60tr13c_driver/share/radar_bgt60tr13c_driver/environment/library_path.dsv
[1.559s] -- Up-to-date: /home/ubuntu/ros2_ws/src/radar_bgt60tr13c_driver/install/radar_bgt60tr13c_driver/share/radar_bgt60tr13c_driver/environment/library_path.dsv
[1.559s] -- Up-to-date: /home/ubuntu/ros2_ws/src/radar_bgt60tr13c_driver/install/radar_bgt60tr13c_driver/share/ament_index/resource_index/package_run_dependencies/radar_bgt60tr13c_driver
[1.559s] -- Up-to-date: /home/ubuntu/ros2_ws/src/radar_bgt60tr13c_driver/install/radar_bgt60tr13c_driver/share/ament_index/resource_index/parent_prefix_path/radar_bgt60tr13c_driver
[1.559s] -- Up-to-date: /home/ubuntu/ros2_ws/src/radar_bgt60tr13c_driver/install/radar_bgt60tr13c_driver/share/radar_bgt60tr13c_driver/environment/ament_prefix_path.sh
[1.559s] -- Installing: /home/ubuntu/ros2_ws/src/radar_bgt60tr13c_driver/install/radar_bgt60tr13c_driver/share/radar_bgt60tr13c_driver/environment/ament_prefix_path.dsv
[1.559s] -- Up-to-date: /home/ubuntu/ros2_ws/src/radar_bgt60tr13c_driver/install/radar_bgt60tr13c_driver/share/radar_bgt60tr13c_driver/environment/path.sh
[1.559s] -- Installing: /home/ubuntu/ros2_ws/src/radar_bgt60tr13c_driver/install/radar_bgt60tr13c_driver/share/radar_bgt60tr13c_driver/environment/path.dsv
[1.559s] -- Up-to-date: /home/ubuntu/ros2_ws/src/radar_bgt60tr13c_driver/install/radar_bgt60tr13c_driver/share/radar_bgt60tr13c_driver/local_setup.bash
[1.559s] -- Up-to-date: /home/ubuntu/ros2_ws/src/radar_bgt60tr13c_driver/install/radar_bgt60tr13c_driver/share/radar_bgt60tr13c_driver/local_setup.sh
[1.559s] -- Up-to-date: /home/ubuntu/ros2_ws/src/radar_bgt60tr13c_driver/install/radar_bgt60tr13c_driver/share/radar_bgt60tr13c_driver/local_setup.zsh
[1.559s] -- Installing: /home/ubuntu/ros2_ws/src/radar_bgt60tr13c_driver/install/radar_bgt60tr13c_driver/share/radar_bgt60tr13c_driver/local_setup.dsv
[1.559s] -- Installing: /home/ubuntu/ros2_ws/src/radar_bgt60tr13c_driver/install/radar_bgt60tr13c_driver/share/radar_bgt60tr13c_driver/package.dsv
[1.559s] -- Up-to-date: /home/ubuntu/ros2_ws/src/radar_bgt60tr13c_driver/install/radar_bgt60tr13c_driver/share/ament_index/resource_index/packages/radar_bgt60tr13c_driver
[1.559s] -- Up-to-date: /home/ubuntu/ros2_ws/src/radar_bgt60tr13c_driver/install/radar_bgt60tr13c_driver/share/radar_bgt60tr13c_driver/cmake/radar_bgt60tr13c_driverConfig.cmake
[1.559s] -- Up-to-date: /home/ubuntu/ros2_ws/src/radar_bgt60tr13c_driver/install/radar_bgt60tr13c_driver/share/radar_bgt60tr13c_driver/cmake/radar_bgt60tr13c_driverConfig-version.cmake
[1.559s] -- Up-to-date: /home/ubuntu/ros2_ws/src/radar_bgt60tr13c_driver/install/radar_bgt60tr13c_driver/share/radar_bgt60tr13c_driver/package.xml
[1.561s] Invoked command in '/home/ubuntu/ros2_ws/src/radar_bgt60tr13c_driver/build/radar_bgt60tr13c_driver' returned '0': CMAKE_PREFIX_PATH=${CMAKE_PREFIX_PATH}:/home/ubuntu/turtlebot3_ws/install/turtlebot3_teleop:/home/ubuntu/turtlebot3_ws/install/turtlebot3_example:/opt/ros/humble /usr/bin/cmake --install /home/ubuntu/ros2_ws/src/radar_bgt60tr13c_driver/build/radar_bgt60tr13c_driver
