[0.017s] Invoking command in '/home/ubuntu/ros2_ws/build/radar_bgt60tr13c_driver': CMAKE_PREFIX_PATH=${CMAKE_PREFIX_PATH}:/home/ubuntu/turtlebot3_ws/install/turtlebot3_teleop:/home/ubuntu/turtlebot3_ws/install/turtlebot3_example:/opt/ros/humble /usr/bin/cmake --build /home/ubuntu/ros2_ws/build/radar_bgt60tr13c_driver -- -j16 -l16
[0.095s] [100%] Built target radar_publisher_node
[0.107s] Invoked command in '/home/ubuntu/ros2_ws/build/radar_bgt60tr13c_driver' returned '0': CMAKE_PREFIX_PATH=${CMAKE_PREFIX_PATH}:/home/ubuntu/turtlebot3_ws/install/turtlebot3_teleop:/home/ubuntu/turtlebot3_ws/install/turtlebot3_example:/opt/ros/humble /usr/bin/cmake --build /home/ubuntu/ros2_ws/build/radar_bgt60tr13c_driver -- -j16 -l16
[0.123s] Invoking command in '/home/ubuntu/ros2_ws/build/radar_bgt60tr13c_driver': CMAKE_PREFIX_PATH=${CMAKE_PREFIX_PATH}:/home/ubuntu/turtlebot3_ws/install/turtlebot3_teleop:/home/ubuntu/turtlebot3_ws/install/turtlebot3_example:/opt/ros/humble /usr/bin/cmake --install /home/ubuntu/ros2_ws/build/radar_bgt60tr13c_driver
[0.133s] -- Install configuration: ""
[0.133s] -- Up-to-date: /home/ubuntu/ros2_ws/install/radar_bgt60tr13c_driver/lib/radar_bgt60tr13c_driver/radar_publisher_node
[0.133s] -- Up-to-date: /home/ubuntu/ros2_ws/install/radar_bgt60tr13c_driver/lib/radar_bgt60tr13c_driver/radar_visualizer.py
[0.133s] -- Up-to-date: /home/ubuntu/ros2_ws/install/radar_bgt60tr13c_driver/lib/libsdk_base.so
[0.133s] -- Up-to-date: /home/ubuntu/ros2_ws/install/radar_bgt60tr13c_driver/lib/libsdk_algo.so
[0.133s] -- Up-to-date: /home/ubuntu/ros2_ws/install/radar_bgt60tr13c_driver/lib/libstrata_shared.so
[0.134s] -- Up-to-date: /home/ubuntu/ros2_ws/install/radar_bgt60tr13c_driver/lib/libsdk_avian.so
[0.134s] -- Up-to-date: /home/ubuntu/ros2_ws/install/radar_bgt60tr13c_driver/lib/liblib_avian.so
[0.134s] -- Up-to-date: /home/ubuntu/ros2_ws/install/radar_bgt60tr13c_driver/lib/libsdk_fmcw.so
[0.134s] -- Up-to-date: /home/ubuntu/ros2_ws/install/radar_bgt60tr13c_driver/lib/libsdk_radar.so
[0.134s] -- Up-to-date: /home/ubuntu/ros2_ws/install/radar_bgt60tr13c_driver/lib/libradar_sdk.so
[0.134s] -- Up-to-date: /home/ubuntu/ros2_ws/install/radar_bgt60tr13c_driver/lib/libsdk_radar_device_common.so
[0.134s] -- Up-to-date: /home/ubuntu/ros2_ws/install/radar_bgt60tr13c_driver/share/radar_bgt60tr13c_driver/launch
[0.134s] -- Installing: /home/ubuntu/ros2_ws/install/radar_bgt60tr13c_driver/share/radar_bgt60tr13c_driver/launch/radar_visualizer.launch.py
[0.134s] -- Up-to-date: /home/ubuntu/ros2_ws/install/radar_bgt60tr13c_driver/share/radar_bgt60tr13c_driver/environment/library_path.dsv
[0.134s] -- Up-to-date: /home/ubuntu/ros2_ws/install/radar_bgt60tr13c_driver/share/radar_bgt60tr13c_driver/environment/library_path.dsv
[0.134s] -- Up-to-date: /home/ubuntu/ros2_ws/install/radar_bgt60tr13c_driver/share/ament_index/resource_index/package_run_dependencies/radar_bgt60tr13c_driver
[0.134s] -- Up-to-date: /home/ubuntu/ros2_ws/install/radar_bgt60tr13c_driver/share/ament_index/resource_index/parent_prefix_path/radar_bgt60tr13c_driver
[0.134s] -- Up-to-date: /home/ubuntu/ros2_ws/install/radar_bgt60tr13c_driver/share/radar_bgt60tr13c_driver/environment/ament_prefix_path.sh
[0.135s] -- Up-to-date: /home/ubuntu/ros2_ws/install/radar_bgt60tr13c_driver/share/radar_bgt60tr13c_driver/environment/ament_prefix_path.dsv
[0.135s] -- Up-to-date: /home/ubuntu/ros2_ws/install/radar_bgt60tr13c_driver/share/radar_bgt60tr13c_driver/environment/path.sh
[0.135s] -- Up-to-date: /home/ubuntu/ros2_ws/install/radar_bgt60tr13c_driver/share/radar_bgt60tr13c_driver/environment/path.dsv
[0.135s] -- Up-to-date: /home/ubuntu/ros2_ws/install/radar_bgt60tr13c_driver/share/radar_bgt60tr13c_driver/local_setup.bash
[0.135s] -- Up-to-date: /home/ubuntu/ros2_ws/install/radar_bgt60tr13c_driver/share/radar_bgt60tr13c_driver/local_setup.sh
[0.135s] -- Up-to-date: /home/ubuntu/ros2_ws/install/radar_bgt60tr13c_driver/share/radar_bgt60tr13c_driver/local_setup.zsh
[0.135s] -- Up-to-date: /home/ubuntu/ros2_ws/install/radar_bgt60tr13c_driver/share/radar_bgt60tr13c_driver/local_setup.dsv
[0.135s] -- Up-to-date: /home/ubuntu/ros2_ws/install/radar_bgt60tr13c_driver/share/radar_bgt60tr13c_driver/package.dsv
[0.135s] -- Up-to-date: /home/ubuntu/ros2_ws/install/radar_bgt60tr13c_driver/share/ament_index/resource_index/packages/radar_bgt60tr13c_driver
[0.135s] -- Up-to-date: /home/ubuntu/ros2_ws/install/radar_bgt60tr13c_driver/share/radar_bgt60tr13c_driver/cmake/radar_bgt60tr13c_driverConfig.cmake
[0.135s] -- Up-to-date: /home/ubuntu/ros2_ws/install/radar_bgt60tr13c_driver/share/radar_bgt60tr13c_driver/cmake/radar_bgt60tr13c_driverConfig-version.cmake
[0.135s] -- Up-to-date: /home/ubuntu/ros2_ws/install/radar_bgt60tr13c_driver/share/radar_bgt60tr13c_driver/package.xml
[0.136s] Invoked command in '/home/ubuntu/ros2_ws/build/radar_bgt60tr13c_driver' returned '0': CMAKE_PREFIX_PATH=${CMAKE_PREFIX_PATH}:/home/ubuntu/turtlebot3_ws/install/turtlebot3_teleop:/home/ubuntu/turtlebot3_ws/install/turtlebot3_example:/opt/ros/humble /usr/bin/cmake --install /home/ubuntu/ros2_ws/build/radar_bgt60tr13c_driver
