[0.018s] Invoking command in '/home/ubuntu/ros2_ws/src/radar_bgt60tr13c_driver/build/radar_bgt60tr13c_driver': CMAKE_PREFIX_PATH=${CMAKE_PREFIX_PATH}:/home/ubuntu/turtlebot3_ws/install/turtlebot3_teleop:/home/ubuntu/turtlebot3_ws/install/turtlebot3_example:/opt/ros/humble /usr/bin/cmake --build /home/ubuntu/ros2_ws/src/radar_bgt60tr13c_driver/build/radar_bgt60tr13c_driver -- -j16 -l16
[0.036s] 
[0.036s] [0/1] Re-running CMake...[K
[0.058s] -- Found ament_cmake: 1.3.11 (/opt/ros/humble/share/ament_cmake/cmake)
[0.151s] -- Found rclcpp: 16.0.12 (/opt/ros/humble/share/rclcpp/cmake)
[0.168s] -- Found rosidl_generator_c: 3.1.6 (/opt/ros/humble/share/rosidl_generator_c/cmake)
[0.170s] -- Found rosidl_adapter: 3.1.6 (/opt/ros/humble/share/rosidl_adapter/cmake)
[0.173s] -- Found rosidl_generator_cpp: 3.1.6 (/opt/ros/humble/share/rosidl_generator_cpp/cmake)
[0.178s] -- Using all available rosidl_typesupport_c: rosidl_typesupport_fastrtps_c;rosidl_typesupport_introspection_c
[0.184s] -- Using all available rosidl_typesupport_cpp: rosidl_typesupport_fastrtps_cpp;rosidl_typesupport_introspection_cpp
[0.201s] -- Found rmw_implementation_cmake: 6.1.2 (/opt/ros/humble/share/rmw_implementation_cmake/cmake)
[0.202s] -- Found rmw_fastrtps_cpp: 6.2.7 (/opt/ros/humble/share/rmw_fastrtps_cpp/cmake)
[0.300s] -- Using RMW implementation 'rmw_fastrtps_cpp' as default
[0.329s] -- Found sensor_msgs: 4.8.0 (/opt/ros/humble/share/sensor_msgs/cmake)
[0.384s] -- Configuring done
[0.392s] -- Generating done
[0.401s] -- Build files have been written to: /home/ubuntu/ros2_ws/src/radar_bgt60tr13c_driver/build/radar_bgt60tr13c_driver
[0.413s] 
[3.214s] [0/2] Building CXX object CMakeFiles/radar_publisher_node.dir/src/radar_node.cpp.o[K
[3.214s] [1/2] Building CXX object CMakeFiles/radar_publisher_node.dir/src/radar_node.cpp.o[K
[3.214s] /home/ubuntu/ros2_ws/src/radar_bgt60tr13c_driver/src/radar_node.cpp: In member function ‘void RadarPublisherNode::timer_cb()’:
[3.214s] /home/ubuntu/ros2_ws/src/radar_bgt60tr13c_driver/src/radar_node.cpp:350:27: warning: unused variable ‘value’ [-Wunused-variable]
[3.214s]   350 |                     float value = IFX_CUBE_AT(frame_, r, c, s);
[3.214s]       |                           ^~~~~
[3.214s] /home/ubuntu/ros2_ws/src/radar_bgt60tr13c_driver/src/radar_node.cpp:330:16: warning: unused variable ‘total_size’ [-Wunused-variable]
[3.214s]   330 |         size_t total_size = IFX_CUBE_SIZE(frame_);
[3.214s]       |                ^~~~~~~~~~
[3.214s] /home/ubuntu/ros2_ws/src/radar_bgt60tr13c_driver/src/radar_node.cpp: At global scope:
[3.214s] /home/ubuntu/ros2_ws/src/radar_bgt60tr13c_driver/src/radar_node.cpp:100:28: warning: ‘{anonymous}::kDefaultMetrics’ defined but not used [-Wunused-variable]
[3.215s]   100 | static ifx_Avian_Metrics_t kDefaultMetrics = {
[3.215s]       |                            ^~~~~~~~~~~~~~~
[3.215s] 
[3.360s] [1/2] Linking CXX executable radar_publisher_node[K
[3.361s] [2/2] Linking CXX executable radar_publisher_node[K
[3.361s] [31mFAILED: [0mradar_publisher_node 
[3.361s] : && /usr/bin/c++   CMakeFiles/radar_publisher_node.dir/src/radar_node.cpp.o -o radar_publisher_node  -Wl,-rpath,/home/ubuntu/ros2_ws/src/radar_bgt60tr13c_driver/bgt_sdk/libs/linux_x64:/opt/ros/humble/lib:  ../../bgt_sdk/libs/linux_x64/libsdk_base.so  ../../bgt_sdk/libs/linux_x64/libsdk_algo.so  ../../bgt_sdk/libs/linux_x64/libstrata_shared.so  ../../bgt_sdk/libs/linux_x64/libsdk_avian.so  ../../bgt_sdk/libs/linux_x64/libsdk_fmcw.so  ../../bgt_sdk/libs/linux_x64/libsdk_radar.so  ../../bgt_sdk/libs/linux_x64/libradar_sdk.so  /opt/ros/humble/lib/librclcpp.so  /opt/ros/humble/lib/libsensor_msgs__rosidl_typesupport_fastrtps_c.so  /opt/ros/humble/lib/libsensor_msgs__rosidl_typesupport_fastrtps_cpp.so  /opt/ros/humble/lib/libsensor_msgs__rosidl_typesupport_introspection_c.so  /opt/ros/humble/lib/libsensor_msgs__rosidl_typesupport_introspection_cpp.so  /opt/ros/humble/lib/libsensor_msgs__rosidl_generator_py.so  /opt/ros/humble/lib/liblibstatistics_collector.so  /opt/ros/humble/lib/librcl.so  /opt/ros/humble/lib/librmw_implementation.so  /opt/ros/humble/lib/libament_index_cpp.so  /opt/ros/humble/lib/librcl_logging_spdlog.so  /opt/ros/humble/lib/librcl_logging_interface.so  /opt/ros/humble/lib/librcl_interfaces__rosidl_typesupport_fastrtps_c.so  /opt/ros/humble/lib/librcl_interfaces__rosidl_typesupport_introspection_c.so  /opt/ros/humble/lib/librcl_interfaces__rosidl_typesupport_fastrtps_cpp.so  /opt/ros/humble/lib/librcl_interfaces__rosidl_typesupport_introspection_cpp.so  /opt/ros/humble/lib/librcl_interfaces__rosidl_typesupport_cpp.so  /opt/ros/humble/lib/librcl_interfaces__rosidl_generator_py.so  /opt/ros/humble/lib/librcl_interfaces__rosidl_typesupport_c.so  /opt/ros/humble/lib/librcl_interfaces__rosidl_generator_c.so  /opt/ros/humble/lib/librcl_yaml_param_parser.so  /opt/ros/humble/lib/libyaml.so  /opt/ros/humble/lib/librosgraph_msgs__rosidl_typesupport_fastrtps_c.so  /opt/ros/humble/lib/librosgraph_msgs__rosidl_typesupport_fastrtps_cpp.so  /opt/ros/humble/lib/librosgraph_msgs__rosidl_typesupport_introspection_c.so  /opt/ros/humble/lib/librosgraph_msgs__rosidl_typesupport_introspection_cpp.so  /opt/ros/humble/lib/librosgraph_msgs__rosidl_typesupport_cpp.so  /opt/ros/humble/lib/librosgraph_msgs__rosidl_generator_py.so  /opt/ros/humble/lib/librosgraph_msgs__rosidl_typesupport_c.so  /opt/ros/humble/lib/librosgraph_msgs__rosidl_generator_c.so  /opt/ros/humble/lib/libstatistics_msgs__rosidl_typesupport_fastrtps_c.so  /opt/ros/humble/lib/libstatistics_msgs__rosidl_typesupport_fastrtps_cpp.so  /opt/ros/humble/lib/libstatistics_msgs__rosidl_typesupport_introspection_c.so  /opt/ros/humble/lib/libstatistics_msgs__rosidl_typesupport_introspection_cpp.so  /opt/ros/humble/lib/libstatistics_msgs__rosidl_typesupport_cpp.so  /opt/ros/humble/lib/libstatistics_msgs__rosidl_generator_py.so  /opt/ros/humble/lib/libstatistics_msgs__rosidl_typesupport_c.so  /opt/ros/humble/lib/libstatistics_msgs__rosidl_generator_c.so  /opt/ros/humble/lib/libtracetools.so  /opt/ros/humble/lib/libgeometry_msgs__rosidl_typesupport_fastrtps_c.so  /opt/ros/humble/lib/libstd_msgs__rosidl_typesupport_fastrtps_c.so  /opt/ros/humble/lib/libbuiltin_interfaces__rosidl_typesupport_fastrtps_c.so  /opt/ros/humble/lib/librosidl_typesupport_fastrtps_c.so  /opt/ros/humble/lib/libgeometry_msgs__rosidl_typesupport_fastrtps_cpp.so  /opt/ros/humble/lib/libstd_msgs__rosidl_typesupport_fastrtps_cpp.so  /opt/ros/humble/lib/libbuiltin_interfaces__rosidl_typesupport_fastrtps_cpp.so  /opt/ros/humble/lib/librosidl_typesupport_fastrtps_cpp.so  /opt/ros/humble/lib/libfastcdr.so.1.0.24  /opt/ros/humble/lib/librmw.so  /opt/ros/humble/lib/libgeometry_msgs__rosidl_typesupport_introspection_c.so  /opt/ros/humble/lib/libstd_msgs__rosidl_typesupport_introspection_c.so  /opt/ros/humble/lib/libbuiltin_interfaces__rosidl_typesupport_introspection_c.so  /opt/ros/humble/lib/libgeometry_msgs__rosidl_typesupport_introspection_cpp.so  /opt/ros/humble/lib/libstd_msgs__rosidl_typesupport_introspection_cpp.so  /opt/ros/humble/lib/libbuiltin_interfaces__rosidl_typesupport_introspection_cpp.so  /opt/ros/humble/lib/librosidl_typesupport_introspection_cpp.so  /opt/ros/humble/lib/librosidl_typesupport_introspection_c.so  /opt/ros/humble/lib/libsensor_msgs__rosidl_typesupport_c.so  /opt/ros/humble/lib/libsensor_msgs__rosidl_generator_c.so  /opt/ros/humble/lib/libgeometry_msgs__rosidl_generator_py.so  /opt/ros/humble/lib/libstd_msgs__rosidl_generator_py.so  /opt/ros/humble/lib/libbuiltin_interfaces__rosidl_generator_py.so  /usr/lib/x86_64-linux-gnu/libpython3.10.so  /opt/ros/humble/lib/libgeometry_msgs__rosidl_typesupport_c.so  /opt/ros/humble/lib/libstd_msgs__rosidl_typesupport_c.so  /opt/ros/humble/lib/libbuiltin_interfaces__rosidl_typesupport_c.so  /opt/ros/humble/lib/libgeometry_msgs__rosidl_generator_c.so  /opt/ros/humble/lib/libstd_msgs__rosidl_generator_c.so  /opt/ros/humble/lib/libbuiltin_interfaces__rosidl_generator_c.so  /opt/ros/humble/lib/libsensor_msgs__rosidl_typesupport_cpp.so  /opt/ros/humble/lib/libgeometry_msgs__rosidl_typesupport_cpp.so  /opt/ros/humble/lib/libstd_msgs__rosidl_typesupport_cpp.so  /opt/ros/humble/lib/libbuiltin_interfaces__rosidl_typesupport_cpp.so  /opt/ros/humble/lib/librosidl_typesupport_cpp.so  /opt/ros/humble/lib/librosidl_typesupport_c.so  /opt/ros/humble/lib/librcpputils.so  /opt/ros/humble/lib/librosidl_runtime_c.so  /opt/ros/humble/lib/librcutils.so  -ldl && :
[3.361s] /usr/bin/ld: warning: libsdk_radar_device_common.so, needed by ../../bgt_sdk/libs/linux_x64/libsdk_fmcw.so, not found (try using -rpath or -rpath-link)
[3.361s] /usr/bin/ld: warning: liblib_smartar.so, needed by ../../bgt_sdk/libs/linux_x64/libsdk_fmcw.so, not found (try using -rpath or -rpath-link)
[3.361s] /usr/bin/ld: ../../bgt_sdk/libs/linux_x64/libsdk_fmcw.so: undefined reference to `Infineon::Smartar::Configuration::get_adc_config(unsigned char, Infineon::Smartar::Adc_Config&) const'
[3.361s] /usr/bin/ld: ../../bgt_sdk/libs/linux_x64/libsdk_fmcw.so: undefined reference to `Infineon::Smartar::Configuration::get_sys_clock() const'
[3.361s] /usr/bin/ld: ../../bgt_sdk/libs/linux_x64/libsdk_fmcw.so: undefined reference to `Infineon::Smartar::Configuration::set_fifo_threshold(unsigned short)'
[3.361s] /usr/bin/ld: ../../bgt_sdk/libs/linux_x64/libsdk_fmcw.so: undefined reference to `Infineon::Smartar::Configuration::get_rx_config(unsigned char, unsigned char, Infineon::Smartar::Rx_Config&) const'
[3.361s] /usr/bin/ld: ../../bgt_sdk/libs/linux_x64/libsdk_fmcw.so: undefined reference to `rdk::RadarDeviceCommon::get_sensor_type(std::unique_ptr<BoardInstance, std::default_delete<BoardInstance> >&, ifx_Radar_Sensor_t&)'
[3.361s] /usr/bin/ld: ../../bgt_sdk/libs/linux_x64/libsdk_fmcw.so: undefined reference to `Infineon::Smartar::Device_Traits::get_device_type(unsigned int)'
[3.361s] /usr/bin/ld: ../../bgt_sdk/libs/linux_x64/libsdk_fmcw.so: undefined reference to `Infineon::Smartar::Communication::clear_fifo_threshold_interrupt()'
[3.361s] /usr/bin/ld: ../../bgt_sdk/libs/linux_x64/libsdk_fmcw.so: undefined reference to `vtable for Infineon::Smartar::DummyPort'
[3.361s] /usr/bin/ld: ../../bgt_sdk/libs/linux_x64/libsdk_fmcw.so: undefined reference to `Infineon::Smartar::Configuration::get_register_map()'
[3.361s] /usr/bin/ld: ../../bgt_sdk/libs/linux_x64/libsdk_fmcw.so: undefined reference to `Infineon::Smartar::Communication::Communication(std::unique_ptr<IPort, std::default_delete<IPort> >)'
[3.361s] /usr/bin/ld: ../../bgt_sdk/libs/linux_x64/libsdk_fmcw.so: undefined reference to `Infineon::Smartar::Value_Conversion::Scaled_Timer::get_clock_cycles() const'
[3.361s] /usr/bin/ld: ../../bgt_sdk/libs/linux_x64/libsdk_fmcw.so: undefined reference to `Infineon::Smartar::Configuration::Configuration(Infineon::Smartar::Device_Type, double, bool)'
[3.361s] /usr/bin/ld: ../../bgt_sdk/libs/linux_x64/libsdk_fmcw.so: undefined reference to `Infineon::Smartar::Configuration::set_sequence(unsigned char, Infineon::Smartar::Sequence_Config const&)'
[3.361s] /usr/bin/ld: ../../bgt_sdk/libs/linux_x64/libsdk_fmcw.so: undefined reference to `rdk::RadarDeviceCommon::get_firmware_info(BoardInstance*, ifx_Firmware_Info_t*)'
[3.361s] /usr/bin/ld: ../../bgt_sdk/libs/linux_x64/libsdk_fmcw.so: undefined reference to `Infineon::Smartar::Communication::reset(Infineon::Smartar::ResetType)'
[3.361s] /usr/bin/ld: ../../bgt_sdk/libs/linux_x64/libsdk_fmcw.so: undefined reference to `rdk::RadarDeviceCommon::open_by_uuid(char const*)'
[3.361s] /usr/bin/ld: ../../bgt_sdk/libs/linux_x64/libsdk_fmcw.so: undefined reference to `Infineon::Smartar::Configuration::get_tx_config(unsigned char, unsigned char, Infineon::Smartar::Tx_Config&) const'
[3.361s] /usr/bin/ld: ../../bgt_sdk/libs/linux_x64/libsdk_fmcw.so: undefined reference to `rdk::RadarDeviceCommon::get_list(std::function<bool (ifx_Radar_Sensor_List_Entry_t const&)>&&)'
[3.361s] /usr/bin/ld: ../../bgt_sdk/libs/linux_x64/libsdk_fmcw.so: undefined reference to `Infineon::Smartar::Configuration::get_ramp_config(unsigned char, Infineon::Smartar::Ramp_Config&) const'
[3.361s] /usr/bin/ld: ../../bgt_sdk/libs/linux_x64/libsdk_fmcw.so: undefined reference to `rdk::RadarDeviceCommon::open(std::function<bool (ifx_Radar_Sensor_List_Entry_t const&)>&&)'
[3.362s] /usr/bin/ld: ../../bgt_sdk/libs/linux_x64/libsdk_fmcw.so: undefined reference to `Infineon::Smartar::Communication::read_hw_id() const'
[3.362s] /usr/bin/ld: ../../bgt_sdk/libs/linux_x64/libsdk_fmcw.so: undefined reference to `Infineon::Smartar::Configuration::set_tx_config(unsigned char, unsigned char, Infineon::Smartar::Tx_Config const&)'
[3.362s] /usr/bin/ld: ../../bgt_sdk/libs/linux_x64/libsdk_fmcw.so: undefined reference to `Infineon::Smartar::Device_Traits::get(Infineon::Smartar::Device_Type)'
[3.362s] /usr/bin/ld: ../../bgt_sdk/libs/linux_x64/libsdk_fmcw.so: undefined reference to `Infineon::Smartar::Configuration::set_adc_config(unsigned char, Infineon::Smartar::Adc_Config const&)'
[3.362s] /usr/bin/ld: ../../bgt_sdk/libs/linux_x64/libsdk_fmcw.so: undefined reference to `Infineon::Smartar::Communication::write_sequence_trigger(unsigned char)'
[3.362s] /usr/bin/ld: ../../bgt_sdk/libs/linux_x64/libsdk_fmcw.so: undefined reference to `Infineon::Smartar::Communication::read_configuration(std::map<unsigned short, unsigned int, std::less<unsigned short>, std::allocator<std::pair<unsigned short const, unsigned int> > >&)'
[3.362s] /usr/bin/ld: ../../bgt_sdk/libs/linux_x64/libsdk_fmcw.so: undefined reference to `Infineon::Smartar::Configuration::set_ramp_config(unsigned char, Infineon::Smartar::Ramp_Config const&)'
[3.362s] /usr/bin/ld: ../../bgt_sdk/libs/linux_x64/libsdk_fmcw.so: undefined reference to `Infineon::Smartar::Configuration::Configuration(Infineon::Smartar::Configuration&)'
[3.362s] /usr/bin/ld: ../../bgt_sdk/libs/linux_x64/libsdk_fmcw.so: undefined reference to `rdk::RadarDeviceCommon::open_by_port(char const*)'
[3.362s] /usr/bin/ld: ../../bgt_sdk/libs/linux_x64/libsdk_fmcw.so: undefined reference to `Infineon::Smartar::Configuration::get_ramp_duration(unsigned char)'
[3.362s] /usr/bin/ld: ../../bgt_sdk/libs/linux_x64/libsdk_fmcw.so: undefined reference to `Infineon::Smartar::Configuration::get_sequence(unsigned char, Infineon::Smartar::Sequence_Config&) const'
[3.362s] /usr/bin/ld: ../../bgt_sdk/libs/linux_x64/libsdk_fmcw.so: undefined reference to `Infineon::Smartar::Value_Conversion::Scaled_Timer::Scaled_Timer(unsigned int, unsigned int, unsigned int, bool)'
[3.362s] /usr/bin/ld: ../../bgt_sdk/libs/linux_x64/libsdk_fmcw.so: undefined reference to `Infineon::Smartar::Internal::StrataPort::StrataPort(BoardInstance*)'
[3.362s] /usr/bin/ld: ../../bgt_sdk/libs/linux_x64/libsdk_fmcw.so: undefined reference to `Infineon::Smartar::Configuration::set_rx_config(unsigned char, unsigned char, Infineon::Smartar::Rx_Config const&)'
[3.362s] /usr/bin/ld: ../../bgt_sdk/libs/linux_x64/libsdk_fmcw.so: undefined reference to `Infineon::Smartar::Communication::write_configuration(std::map<unsigned short, unsigned int, std::less<unsigned short>, std::allocator<std::pair<unsigned short const, unsigned int> > >&)'
[3.362s] /usr/bin/ld: ../../bgt_sdk/libs/linux_x64/libsdk_fmcw.so: undefined reference to `Infineon::Smartar::Communication::wait_for_sequence_finished(unsigned char, unsigned int)'
[3.362s] collect2: error: ld returned 1 exit status
[3.362s] ninja: build stopped: subcommand failed.
[3.364s] Invoked command in '/home/ubuntu/ros2_ws/src/radar_bgt60tr13c_driver/build/radar_bgt60tr13c_driver' returned '1': CMAKE_PREFIX_PATH=${CMAKE_PREFIX_PATH}:/home/ubuntu/turtlebot3_ws/install/turtlebot3_teleop:/home/ubuntu/turtlebot3_ws/install/turtlebot3_example:/opt/ros/humble /usr/bin/cmake --build /home/ubuntu/ros2_ws/src/radar_bgt60tr13c_driver/build/radar_bgt60tr13c_driver -- -j16 -l16
