[0.058s] DEBUG:colcon:Command line arguments: ['/usr/bin/colcon', 'build', '--packages-select', 'radar_bgt60tr13c_driver', '--cmake-clean-cache']
[0.058s] DEBUG:colcon:Parsed command line arguments: Namespace(log_base=None, log_level=None, verb_name='build', build_base='build', install_base='install', merge_install=False, symlink_install=False, test_result_base=None, continue_on_error=False, executor='parallel', parallel_workers=16, event_handlers=None, ignore_user_meta=False, metas=['./colcon.meta'], base_paths=['.'], packages_ignore=None, packages_ignore_regex=None, paths=None, packages_up_to=None, packages_up_to_regex=None, packages_above=None, packages_above_and_dependencies=None, packages_above_depth=None, packages_select_by_dep=None, packages_skip_by_dep=None, packages_skip_up_to=None, packages_select_build_failed=False, packages_skip_build_finished=False, packages_select_test_failures=False, packages_skip_test_passed=False, packages_select=['radar_bgt60tr13c_driver'], packages_skip=None, packages_select_regex=None, packages_skip_regex=None, packages_start=None, packages_end=None, allow_overriding=[], cmake_args=None, cmake_target=None, cmake_target_skip_unavailable=False, cmake_clean_cache=True, cmake_clean_first=False, cmake_force_configure=False, ament_cmake_args=None, catkin_cmake_args=None, catkin_skip_building_tests=False, mixin_files=None, mixin=None, verb_parser=<colcon_mixin.mixin.mixin_argument.MixinArgumentDecorator object at 0x7f5ff7d53dc0>, verb_extension=<colcon_core.verb.build.BuildVerb object at 0x7f5ff7d53910>, main=<bound method BuildVerb.main of <colcon_core.verb.build.BuildVerb object at 0x7f5ff7d53910>>, mixin_verb=('build',))
[0.148s] Level 1:colcon.colcon_core.package_discovery:discover_packages(colcon_meta) check parameters
[0.148s] Level 1:colcon.colcon_core.package_discovery:discover_packages(recursive) check parameters
[0.148s] Level 1:colcon.colcon_core.package_discovery:discover_packages(ignore) check parameters
[0.148s] Level 1:colcon.colcon_core.package_discovery:discover_packages(path) check parameters
[0.149s] Level 1:colcon.colcon_core.package_discovery:discover_packages(colcon_meta) discover
[0.149s] Level 1:colcon.colcon_core.package_discovery:discover_packages(recursive) discover
[0.149s] INFO:colcon.colcon_core.package_discovery:Crawling recursively for packages in '/home/ubuntu/ros2_ws/src/radar_bgt60tr13c_driver'
[0.149s] Level 1:colcon.colcon_core.package_identification:_identify(.) by extensions ['ignore', 'ignore_ament_install']
[0.149s] Level 1:colcon.colcon_core.package_identification:_identify(.) by extension 'ignore'
[0.149s] Level 1:colcon.colcon_core.package_identification:_identify(.) by extension 'ignore_ament_install'
[0.149s] Level 1:colcon.colcon_core.package_identification:_identify(.) by extensions ['colcon_pkg']
[0.149s] Level 1:colcon.colcon_core.package_identification:_identify(.) by extension 'colcon_pkg'
[0.149s] Level 1:colcon.colcon_core.package_identification:_identify(.) by extensions ['colcon_meta']
[0.149s] Level 1:colcon.colcon_core.package_identification:_identify(.) by extension 'colcon_meta'
[0.149s] Level 1:colcon.colcon_core.package_identification:_identify(.) by extensions ['ros']
[0.149s] Level 1:colcon.colcon_core.package_identification:_identify(.) by extension 'ros'
[0.157s] DEBUG:colcon.colcon_core.package_identification:Package '.' with type 'ros.ament_cmake' and name 'radar_bgt60tr13c_driver'
[0.157s] Level 1:colcon.colcon_core.package_discovery:discover_packages(recursive) using defaults
[0.157s] Level 1:colcon.colcon_core.package_discovery:discover_packages(ignore) discover
[0.157s] Level 1:colcon.colcon_core.package_discovery:discover_packages(ignore) using defaults
[0.157s] Level 1:colcon.colcon_core.package_discovery:discover_packages(path) discover
[0.157s] Level 1:colcon.colcon_core.package_discovery:discover_packages(path) using defaults
[0.175s] Level 1:colcon.colcon_core.package_discovery:discover_packages(prefix_path) check parameters
[0.175s] Level 1:colcon.colcon_core.package_discovery:discover_packages(prefix_path) discover
[0.176s] DEBUG:colcon.colcon_installed_package_information.package_discovery:Found 16 installed packages in /home/ubuntu/turtlebot3_ws/install
[0.177s] DEBUG:colcon.colcon_installed_package_information.package_discovery:Found 411 installed packages in /opt/ros/humble
[0.178s] Level 1:colcon.colcon_core.package_discovery:discover_packages(prefix_path) using defaults
[0.204s] Level 5:colcon.colcon_core.verb:set package 'radar_bgt60tr13c_driver' build argument 'cmake_args' from command line to 'None'
[0.204s] Level 5:colcon.colcon_core.verb:set package 'radar_bgt60tr13c_driver' build argument 'cmake_target' from command line to 'None'
[0.204s] Level 5:colcon.colcon_core.verb:set package 'radar_bgt60tr13c_driver' build argument 'cmake_target_skip_unavailable' from command line to 'False'
[0.204s] Level 5:colcon.colcon_core.verb:set package 'radar_bgt60tr13c_driver' build argument 'cmake_clean_cache' from command line to 'True'
[0.204s] Level 5:colcon.colcon_core.verb:set package 'radar_bgt60tr13c_driver' build argument 'cmake_clean_first' from command line to 'False'
[0.204s] Level 5:colcon.colcon_core.verb:set package 'radar_bgt60tr13c_driver' build argument 'cmake_force_configure' from command line to 'False'
[0.204s] Level 5:colcon.colcon_core.verb:set package 'radar_bgt60tr13c_driver' build argument 'ament_cmake_args' from command line to 'None'
[0.204s] Level 5:colcon.colcon_core.verb:set package 'radar_bgt60tr13c_driver' build argument 'catkin_cmake_args' from command line to 'None'
[0.204s] Level 5:colcon.colcon_core.verb:set package 'radar_bgt60tr13c_driver' build argument 'catkin_skip_building_tests' from command line to 'False'
[0.204s] DEBUG:colcon.colcon_core.verb:Building package 'radar_bgt60tr13c_driver' with the following arguments: {'ament_cmake_args': None, 'build_base': '/home/ubuntu/ros2_ws/src/radar_bgt60tr13c_driver/build/radar_bgt60tr13c_driver', 'catkin_cmake_args': None, 'catkin_skip_building_tests': False, 'cmake_args': None, 'cmake_clean_cache': True, 'cmake_clean_first': False, 'cmake_force_configure': False, 'cmake_target': None, 'cmake_target_skip_unavailable': False, 'install_base': '/home/ubuntu/ros2_ws/src/radar_bgt60tr13c_driver/install/radar_bgt60tr13c_driver', 'merge_install': False, 'path': '/home/ubuntu/ros2_ws/src/radar_bgt60tr13c_driver', 'symlink_install': False, 'test_result_base': None}
[0.204s] INFO:colcon.colcon_core.executor:Executing jobs using 'parallel' executor
[0.205s] DEBUG:colcon.colcon_parallel_executor.executor.parallel:run_until_complete
[0.205s] INFO:colcon.colcon_ros.task.ament_cmake.build:Building ROS package in '/home/ubuntu/ros2_ws/src/radar_bgt60tr13c_driver' with build type 'ament_cmake'
[0.205s] INFO:colcon.colcon_cmake.task.cmake.build:Building CMake package in '/home/ubuntu/ros2_ws/src/radar_bgt60tr13c_driver'
[0.206s] INFO:colcon.colcon_core.plugin_system:Skipping extension 'colcon_core.shell.bat': Not used on non-Windows systems
[0.206s] INFO:colcon.colcon_core.shell:Skip shell extension 'powershell' for command environment: Not usable outside of PowerShell
[0.206s] DEBUG:colcon.colcon_core.shell:Skip shell extension 'dsv' for command environment
[0.220s] DEBUG:colcon.colcon_core.event_handler.log_command:Invoking command in '/home/ubuntu/ros2_ws/src/radar_bgt60tr13c_driver/build/radar_bgt60tr13c_driver': CMAKE_PREFIX_PATH=${CMAKE_PREFIX_PATH}:/home/ubuntu/turtlebot3_ws/install/turtlebot3_teleop:/home/ubuntu/turtlebot3_ws/install/turtlebot3_example:/opt/ros/humble /usr/bin/cmake /home/ubuntu/ros2_ws/src/radar_bgt60tr13c_driver -DCMAKE_INSTALL_PREFIX=/home/ubuntu/ros2_ws/src/radar_bgt60tr13c_driver/install/radar_bgt60tr13c_driver
[1.464s] DEBUG:colcon.colcon_core.event_handler.log_command:Invoked command in '/home/ubuntu/ros2_ws/src/radar_bgt60tr13c_driver/build/radar_bgt60tr13c_driver' returned '0': CMAKE_PREFIX_PATH=${CMAKE_PREFIX_PATH}:/home/ubuntu/turtlebot3_ws/install/turtlebot3_teleop:/home/ubuntu/turtlebot3_ws/install/turtlebot3_example:/opt/ros/humble /usr/bin/cmake /home/ubuntu/ros2_ws/src/radar_bgt60tr13c_driver -DCMAKE_INSTALL_PREFIX=/home/ubuntu/ros2_ws/src/radar_bgt60tr13c_driver/install/radar_bgt60tr13c_driver
[1.464s] DEBUG:colcon.colcon_core.event_handler.log_command:Invoking command in '/home/ubuntu/ros2_ws/src/radar_bgt60tr13c_driver/build/radar_bgt60tr13c_driver': CMAKE_PREFIX_PATH=${CMAKE_PREFIX_PATH}:/home/ubuntu/turtlebot3_ws/install/turtlebot3_teleop:/home/ubuntu/turtlebot3_ws/install/turtlebot3_example:/opt/ros/humble /usr/bin/cmake --build /home/ubuntu/ros2_ws/src/radar_bgt60tr13c_driver/build/radar_bgt60tr13c_driver -- -j16 -l16
[1.567s] DEBUG:colcon.colcon_core.event_handler.log_command:Invoked command in '/home/ubuntu/ros2_ws/src/radar_bgt60tr13c_driver/build/radar_bgt60tr13c_driver' returned '0': CMAKE_PREFIX_PATH=${CMAKE_PREFIX_PATH}:/home/ubuntu/turtlebot3_ws/install/turtlebot3_teleop:/home/ubuntu/turtlebot3_ws/install/turtlebot3_example:/opt/ros/humble /usr/bin/cmake --build /home/ubuntu/ros2_ws/src/radar_bgt60tr13c_driver/build/radar_bgt60tr13c_driver -- -j16 -l16
[1.578s] DEBUG:colcon.colcon_core.event_handler.log_command:Invoking command in '/home/ubuntu/ros2_ws/src/radar_bgt60tr13c_driver/build/radar_bgt60tr13c_driver': CMAKE_PREFIX_PATH=${CMAKE_PREFIX_PATH}:/home/ubuntu/turtlebot3_ws/install/turtlebot3_teleop:/home/ubuntu/turtlebot3_ws/install/turtlebot3_example:/opt/ros/humble /usr/bin/cmake --install /home/ubuntu/ros2_ws/src/radar_bgt60tr13c_driver/build/radar_bgt60tr13c_driver
[1.591s] Level 1:colcon.colcon_core.environment:create_environment_scripts_only(radar_bgt60tr13c_driver)
[1.592s] DEBUG:colcon.colcon_core.event_handler.log_command:Invoked command in '/home/ubuntu/ros2_ws/src/radar_bgt60tr13c_driver/build/radar_bgt60tr13c_driver' returned '0': CMAKE_PREFIX_PATH=${CMAKE_PREFIX_PATH}:/home/ubuntu/turtlebot3_ws/install/turtlebot3_teleop:/home/ubuntu/turtlebot3_ws/install/turtlebot3_example:/opt/ros/humble /usr/bin/cmake --install /home/ubuntu/ros2_ws/src/radar_bgt60tr13c_driver/build/radar_bgt60tr13c_driver
[1.593s] Level 1:colcon.colcon_core.environment:checking '/home/ubuntu/ros2_ws/src/radar_bgt60tr13c_driver/install/radar_bgt60tr13c_driver' for CMake module files
[1.593s] Level 1:colcon.colcon_core.environment:checking '/home/ubuntu/ros2_ws/src/radar_bgt60tr13c_driver/install/radar_bgt60tr13c_driver' for CMake config files
[1.593s] Level 1:colcon.colcon_core.shell:create_environment_hook('radar_bgt60tr13c_driver', 'cmake_prefix_path')
[1.593s] INFO:colcon.colcon_core.shell:Creating environment hook '/home/ubuntu/ros2_ws/src/radar_bgt60tr13c_driver/install/radar_bgt60tr13c_driver/share/radar_bgt60tr13c_driver/hook/cmake_prefix_path.ps1'
[1.594s] INFO:colcon.colcon_core.shell:Creating environment descriptor '/home/ubuntu/ros2_ws/src/radar_bgt60tr13c_driver/install/radar_bgt60tr13c_driver/share/radar_bgt60tr13c_driver/hook/cmake_prefix_path.dsv'
[1.594s] INFO:colcon.colcon_core.shell:Creating environment hook '/home/ubuntu/ros2_ws/src/radar_bgt60tr13c_driver/install/radar_bgt60tr13c_driver/share/radar_bgt60tr13c_driver/hook/cmake_prefix_path.sh'
[1.595s] Level 1:colcon.colcon_core.environment:checking '/home/ubuntu/ros2_ws/src/radar_bgt60tr13c_driver/install/radar_bgt60tr13c_driver/lib'
[1.595s] Level 1:colcon.colcon_core.shell:create_environment_hook('radar_bgt60tr13c_driver', 'ld_library_path_lib')
[1.595s] INFO:colcon.colcon_core.shell:Creating environment hook '/home/ubuntu/ros2_ws/src/radar_bgt60tr13c_driver/install/radar_bgt60tr13c_driver/share/radar_bgt60tr13c_driver/hook/ld_library_path_lib.ps1'
[1.595s] INFO:colcon.colcon_core.shell:Creating environment descriptor '/home/ubuntu/ros2_ws/src/radar_bgt60tr13c_driver/install/radar_bgt60tr13c_driver/share/radar_bgt60tr13c_driver/hook/ld_library_path_lib.dsv'
[1.595s] INFO:colcon.colcon_core.shell:Creating environment hook '/home/ubuntu/ros2_ws/src/radar_bgt60tr13c_driver/install/radar_bgt60tr13c_driver/share/radar_bgt60tr13c_driver/hook/ld_library_path_lib.sh'
[1.595s] Level 1:colcon.colcon_core.environment:checking '/home/ubuntu/ros2_ws/src/radar_bgt60tr13c_driver/install/radar_bgt60tr13c_driver/bin'
[1.595s] Level 1:colcon.colcon_core.environment:checking '/home/ubuntu/ros2_ws/src/radar_bgt60tr13c_driver/install/radar_bgt60tr13c_driver/lib/pkgconfig/radar_bgt60tr13c_driver.pc'
[1.595s] Level 1:colcon.colcon_core.environment:checking '/home/ubuntu/ros2_ws/src/radar_bgt60tr13c_driver/install/radar_bgt60tr13c_driver/lib/python3.10/site-packages'
[1.596s] Level 1:colcon.colcon_core.environment:checking '/home/ubuntu/ros2_ws/src/radar_bgt60tr13c_driver/install/radar_bgt60tr13c_driver/bin'
[1.596s] INFO:colcon.colcon_core.shell:Creating package script '/home/ubuntu/ros2_ws/src/radar_bgt60tr13c_driver/install/radar_bgt60tr13c_driver/share/radar_bgt60tr13c_driver/package.ps1'
[1.596s] INFO:colcon.colcon_core.shell:Creating package descriptor '/home/ubuntu/ros2_ws/src/radar_bgt60tr13c_driver/install/radar_bgt60tr13c_driver/share/radar_bgt60tr13c_driver/package.dsv'
[1.596s] INFO:colcon.colcon_core.shell:Creating package script '/home/ubuntu/ros2_ws/src/radar_bgt60tr13c_driver/install/radar_bgt60tr13c_driver/share/radar_bgt60tr13c_driver/package.sh'
[1.597s] INFO:colcon.colcon_core.shell:Creating package script '/home/ubuntu/ros2_ws/src/radar_bgt60tr13c_driver/install/radar_bgt60tr13c_driver/share/radar_bgt60tr13c_driver/package.bash'
[1.597s] INFO:colcon.colcon_core.shell:Creating package script '/home/ubuntu/ros2_ws/src/radar_bgt60tr13c_driver/install/radar_bgt60tr13c_driver/share/radar_bgt60tr13c_driver/package.zsh'
[1.597s] Level 1:colcon.colcon_core.environment:create_file_with_runtime_dependencies(/home/ubuntu/ros2_ws/src/radar_bgt60tr13c_driver/install/radar_bgt60tr13c_driver/share/colcon-core/packages/radar_bgt60tr13c_driver)
[1.598s] Level 1:colcon.colcon_core.environment:create_environment_scripts_only(radar_bgt60tr13c_driver)
[1.598s] Level 1:colcon.colcon_core.environment:checking '/home/ubuntu/ros2_ws/src/radar_bgt60tr13c_driver/install/radar_bgt60tr13c_driver' for CMake module files
[1.598s] Level 1:colcon.colcon_core.environment:checking '/home/ubuntu/ros2_ws/src/radar_bgt60tr13c_driver/install/radar_bgt60tr13c_driver' for CMake config files
[1.598s] Level 1:colcon.colcon_core.shell:create_environment_hook('radar_bgt60tr13c_driver', 'cmake_prefix_path')
[1.598s] INFO:colcon.colcon_core.shell:Creating environment hook '/home/ubuntu/ros2_ws/src/radar_bgt60tr13c_driver/install/radar_bgt60tr13c_driver/share/radar_bgt60tr13c_driver/hook/cmake_prefix_path.ps1'
[1.598s] INFO:colcon.colcon_core.shell:Creating environment descriptor '/home/ubuntu/ros2_ws/src/radar_bgt60tr13c_driver/install/radar_bgt60tr13c_driver/share/radar_bgt60tr13c_driver/hook/cmake_prefix_path.dsv'
[1.599s] INFO:colcon.colcon_core.shell:Creating environment hook '/home/ubuntu/ros2_ws/src/radar_bgt60tr13c_driver/install/radar_bgt60tr13c_driver/share/radar_bgt60tr13c_driver/hook/cmake_prefix_path.sh'
[1.599s] Level 1:colcon.colcon_core.environment:checking '/home/ubuntu/ros2_ws/src/radar_bgt60tr13c_driver/install/radar_bgt60tr13c_driver/lib'
[1.599s] Level 1:colcon.colcon_core.shell:create_environment_hook('radar_bgt60tr13c_driver', 'ld_library_path_lib')
[1.599s] INFO:colcon.colcon_core.shell:Creating environment hook '/home/ubuntu/ros2_ws/src/radar_bgt60tr13c_driver/install/radar_bgt60tr13c_driver/share/radar_bgt60tr13c_driver/hook/ld_library_path_lib.ps1'
[1.599s] INFO:colcon.colcon_core.shell:Creating environment descriptor '/home/ubuntu/ros2_ws/src/radar_bgt60tr13c_driver/install/radar_bgt60tr13c_driver/share/radar_bgt60tr13c_driver/hook/ld_library_path_lib.dsv'
[1.599s] INFO:colcon.colcon_core.shell:Creating environment hook '/home/ubuntu/ros2_ws/src/radar_bgt60tr13c_driver/install/radar_bgt60tr13c_driver/share/radar_bgt60tr13c_driver/hook/ld_library_path_lib.sh'
[1.599s] Level 1:colcon.colcon_core.environment:checking '/home/ubuntu/ros2_ws/src/radar_bgt60tr13c_driver/install/radar_bgt60tr13c_driver/bin'
[1.600s] Level 1:colcon.colcon_core.environment:checking '/home/ubuntu/ros2_ws/src/radar_bgt60tr13c_driver/install/radar_bgt60tr13c_driver/lib/pkgconfig/radar_bgt60tr13c_driver.pc'
[1.600s] Level 1:colcon.colcon_core.environment:checking '/home/ubuntu/ros2_ws/src/radar_bgt60tr13c_driver/install/radar_bgt60tr13c_driver/lib/python3.10/site-packages'
[1.600s] Level 1:colcon.colcon_core.environment:checking '/home/ubuntu/ros2_ws/src/radar_bgt60tr13c_driver/install/radar_bgt60tr13c_driver/bin'
[1.600s] INFO:colcon.colcon_core.shell:Creating package script '/home/ubuntu/ros2_ws/src/radar_bgt60tr13c_driver/install/radar_bgt60tr13c_driver/share/radar_bgt60tr13c_driver/package.ps1'
[1.600s] INFO:colcon.colcon_core.shell:Creating package descriptor '/home/ubuntu/ros2_ws/src/radar_bgt60tr13c_driver/install/radar_bgt60tr13c_driver/share/radar_bgt60tr13c_driver/package.dsv'
[1.600s] INFO:colcon.colcon_core.shell:Creating package script '/home/ubuntu/ros2_ws/src/radar_bgt60tr13c_driver/install/radar_bgt60tr13c_driver/share/radar_bgt60tr13c_driver/package.sh'
[1.601s] INFO:colcon.colcon_core.shell:Creating package script '/home/ubuntu/ros2_ws/src/radar_bgt60tr13c_driver/install/radar_bgt60tr13c_driver/share/radar_bgt60tr13c_driver/package.bash'
[1.601s] INFO:colcon.colcon_core.shell:Creating package script '/home/ubuntu/ros2_ws/src/radar_bgt60tr13c_driver/install/radar_bgt60tr13c_driver/share/radar_bgt60tr13c_driver/package.zsh'
[1.601s] Level 1:colcon.colcon_core.environment:create_file_with_runtime_dependencies(/home/ubuntu/ros2_ws/src/radar_bgt60tr13c_driver/install/radar_bgt60tr13c_driver/share/colcon-core/packages/radar_bgt60tr13c_driver)
[1.601s] DEBUG:colcon.colcon_parallel_executor.executor.parallel:closing loop
[1.601s] DEBUG:colcon.colcon_parallel_executor.executor.parallel:loop closed
[1.601s] DEBUG:colcon.colcon_parallel_executor.executor.parallel:run_until_complete finished with '0'
[1.601s] DEBUG:colcon.colcon_core.event_reactor:joining thread
[1.605s] INFO:colcon.colcon_core.plugin_system:Skipping extension 'colcon_notification.desktop_notification.terminal_notifier': Not used on non-Darwin systems
[1.605s] INFO:colcon.colcon_core.plugin_system:Skipping extension 'colcon_notification.desktop_notification.win32': Not used on non-Windows systems
[1.605s] INFO:colcon.colcon_notification.desktop_notification:Sending desktop notification using 'notify2'
[1.611s] DEBUG:colcon.colcon_core.event_reactor:joined thread
[1.612s] INFO:colcon.colcon_core.shell:Creating prefix script '/home/ubuntu/ros2_ws/src/radar_bgt60tr13c_driver/install/local_setup.ps1'
[1.613s] INFO:colcon.colcon_core.shell:Creating prefix util module '/home/ubuntu/ros2_ws/src/radar_bgt60tr13c_driver/install/_local_setup_util_ps1.py'
[1.615s] INFO:colcon.colcon_core.shell:Creating prefix chain script '/home/ubuntu/ros2_ws/src/radar_bgt60tr13c_driver/install/setup.ps1'
[1.616s] INFO:colcon.colcon_core.shell:Creating prefix script '/home/ubuntu/ros2_ws/src/radar_bgt60tr13c_driver/install/local_setup.sh'
[1.617s] INFO:colcon.colcon_core.shell:Creating prefix util module '/home/ubuntu/ros2_ws/src/radar_bgt60tr13c_driver/install/_local_setup_util_sh.py'
[1.617s] INFO:colcon.colcon_core.shell:Creating prefix chain script '/home/ubuntu/ros2_ws/src/radar_bgt60tr13c_driver/install/setup.sh'
[1.618s] INFO:colcon.colcon_core.shell:Creating prefix script '/home/ubuntu/ros2_ws/src/radar_bgt60tr13c_driver/install/local_setup.bash'
[1.619s] INFO:colcon.colcon_core.shell:Creating prefix chain script '/home/ubuntu/ros2_ws/src/radar_bgt60tr13c_driver/install/setup.bash'
[1.620s] INFO:colcon.colcon_core.shell:Creating prefix script '/home/ubuntu/ros2_ws/src/radar_bgt60tr13c_driver/install/local_setup.zsh'
[1.620s] INFO:colcon.colcon_core.shell:Creating prefix chain script '/home/ubuntu/ros2_ws/src/radar_bgt60tr13c_driver/install/setup.zsh'
