[0.015s] Invoking command in '/home/ubuntu/ros2_ws/build/radar_bgt60tr13c_driver': CMAKE_PREFIX_PATH=${CMAKE_PREFIX_PATH}:/home/ubuntu/turtlebot3_ws/install/turtlebot3_teleop:/home/ubuntu/turtlebot3_ws/install/turtlebot3_example:/opt/ros/humble /usr/bin/cmake /home/ubuntu/ros2_ws/src/radar_bgt60tr13c_driver -DCMAKE_INSTALL_PREFIX=/home/ubuntu/ros2_ws/install/radar_bgt60tr13c_driver
[0.088s] -- The C compiler identification is GNU 11.4.0
[0.150s] -- The CXX compiler identification is GNU 11.4.0
[0.160s] -- Detecting C compiler ABI info
[0.254s] -- Detecting C compiler ABI info - done
[0.259s] -- Check for working C compiler: /usr/bin/cc - skipped
[0.259s] -- Detecting C compile features
[0.260s] -- Detecting C compile features - done
[0.261s] -- Detecting CXX compiler ABI info
[0.364s] -- Detecting CXX compiler ABI info - done
[0.368s] -- Check for working CXX compiler: /usr/bin/c++ - skipped
[0.368s] -- Detecting CXX compile features
[0.368s] -- Detecting CXX compile features - done
[0.371s] -- Found ament_cmake: 1.3.11 (/opt/ros/humble/share/ament_cmake/cmake)
[0.499s] -- Found Python3: /usr/bin/python3 (found version "3.10.12") found components: Interpreter 
[0.583s] -- Found rclcpp: 16.0.12 (/opt/ros/humble/share/rclcpp/cmake)
[0.625s] -- Found rosidl_generator_c: 3.1.6 (/opt/ros/humble/share/rosidl_generator_c/cmake)
[0.630s] -- Found rosidl_adapter: 3.1.6 (/opt/ros/humble/share/rosidl_adapter/cmake)
[0.638s] -- Found rosidl_generator_cpp: 3.1.6 (/opt/ros/humble/share/rosidl_generator_cpp/cmake)
[0.648s] -- Using all available rosidl_typesupport_c: rosidl_typesupport_fastrtps_c;rosidl_typesupport_introspection_c
[0.662s] -- Using all available rosidl_typesupport_cpp: rosidl_typesupport_fastrtps_cpp;rosidl_typesupport_introspection_cpp
[0.700s] -- Found rmw_implementation_cmake: 6.1.2 (/opt/ros/humble/share/rmw_implementation_cmake/cmake)
[0.703s] -- Found rmw_fastrtps_cpp: 6.2.7 (/opt/ros/humble/share/rmw_fastrtps_cpp/cmake)
[0.850s] -- Found OpenSSL: /usr/lib/x86_64-linux-gnu/libcrypto.so (found version "3.0.2")  
[0.875s] -- Found FastRTPS: /opt/ros/humble/include  
[0.918s] -- Using RMW implementation 'rmw_fastrtps_cpp' as default
[0.928s] -- Looking for pthread.h
[1.025s] -- Looking for pthread.h - found
[1.025s] -- Performing Test CMAKE_HAVE_LIBC_PTHREAD
[1.123s] -- Performing Test CMAKE_HAVE_LIBC_PTHREAD - Success
[1.124s] -- Found Threads: TRUE  
[1.161s] -- Found sensor_msgs: 4.8.0 (/opt/ros/humble/share/sensor_msgs/cmake)
[1.228s] -- Configuring done
[1.235s] [33mCMake Warning at CMakeLists.txt:27 (add_executable):
[1.235s]   Cannot generate a safe runtime search path for target radar_publisher_node
[1.235s]   because there is a cycle in the constraint graph:
[1.235s] 
[1.235s]     dir 0 is [/home/ubuntu/ros2_ws/src/radar_bgt60tr13c_driver/radar_sdk/build/bin/lib]
[1.235s]       dir 1 must precede it due to runtime library [libsdk_avian.so]
[1.236s]     dir 1 is [/home/ubuntu/ros2_ws/src/radar_bgt60tr13c_driver/radar_sdk/libs/linux_x64]
[1.236s]       dir 0 must precede it due to runtime library [libsdk_algo.so]
[1.236s]     dir 2 is [/opt/ros/humble/lib]
[1.236s] 
[1.236s]   Some of these libraries may not be found correctly.
[1.236s] 
[1.236s] [0m
[1.236s] -- Generating done
[1.238s] -- Build files have been written to: /home/ubuntu/ros2_ws/build/radar_bgt60tr13c_driver
[1.245s] Invoked command in '/home/ubuntu/ros2_ws/build/radar_bgt60tr13c_driver' returned '0': CMAKE_PREFIX_PATH=${CMAKE_PREFIX_PATH}:/home/ubuntu/turtlebot3_ws/install/turtlebot3_teleop:/home/ubuntu/turtlebot3_ws/install/turtlebot3_example:/opt/ros/humble /usr/bin/cmake /home/ubuntu/ros2_ws/src/radar_bgt60tr13c_driver -DCMAKE_INSTALL_PREFIX=/home/ubuntu/ros2_ws/install/radar_bgt60tr13c_driver
[1.247s] Invoking command in '/home/ubuntu/ros2_ws/build/radar_bgt60tr13c_driver': CMAKE_PREFIX_PATH=${CMAKE_PREFIX_PATH}:/home/ubuntu/turtlebot3_ws/install/turtlebot3_teleop:/home/ubuntu/turtlebot3_ws/install/turtlebot3_example:/opt/ros/humble /usr/bin/cmake --build /home/ubuntu/ros2_ws/build/radar_bgt60tr13c_driver -- -j16 -l16
[1.327s] [ 50%] [32mBuilding CXX object CMakeFiles/radar_publisher_node.dir/src/radar_node.cpp.o[0m
[4.301s] [100%] [32m[1mLinking CXX executable radar_publisher_node[0m
[4.475s] [100%] Built target radar_publisher_node
[4.488s] Invoked command in '/home/ubuntu/ros2_ws/build/radar_bgt60tr13c_driver' returned '0': CMAKE_PREFIX_PATH=${CMAKE_PREFIX_PATH}:/home/ubuntu/turtlebot3_ws/install/turtlebot3_teleop:/home/ubuntu/turtlebot3_ws/install/turtlebot3_example:/opt/ros/humble /usr/bin/cmake --build /home/ubuntu/ros2_ws/build/radar_bgt60tr13c_driver -- -j16 -l16
[4.499s] Invoking command in '/home/ubuntu/ros2_ws/build/radar_bgt60tr13c_driver': CMAKE_PREFIX_PATH=${CMAKE_PREFIX_PATH}:/home/ubuntu/turtlebot3_ws/install/turtlebot3_teleop:/home/ubuntu/turtlebot3_ws/install/turtlebot3_example:/opt/ros/humble /usr/bin/cmake --install /home/ubuntu/ros2_ws/build/radar_bgt60tr13c_driver
[4.509s] -- Install configuration: ""
[4.509s] -- Installing: /home/ubuntu/ros2_ws/install/radar_bgt60tr13c_driver/lib/radar_bgt60tr13c_driver/radar_publisher_node
[4.510s] -- Set runtime path of "/home/ubuntu/ros2_ws/install/radar_bgt60tr13c_driver/lib/radar_bgt60tr13c_driver/radar_publisher_node" to ""
[4.510s] -- Installing: /home/ubuntu/ros2_ws/install/radar_bgt60tr13c_driver/lib/libsdk_base.so
[4.511s] -- Installing: /home/ubuntu/ros2_ws/install/radar_bgt60tr13c_driver/lib/libsdk_algo.so
[4.511s] -- Installing: /home/ubuntu/ros2_ws/install/radar_bgt60tr13c_driver/lib/libstrata_shared.so
[4.516s] -- Installing: /home/ubuntu/ros2_ws/install/radar_bgt60tr13c_driver/lib/libsdk_avian.so
[4.516s] -- Installing: /home/ubuntu/ros2_ws/install/radar_bgt60tr13c_driver/lib/liblib_avian.so
[4.521s] -- Installing: /home/ubuntu/ros2_ws/install/radar_bgt60tr13c_driver/lib/libsdk_fmcw.so
[4.522s] -- Installing: /home/ubuntu/ros2_ws/install/radar_bgt60tr13c_driver/lib/libsdk_radar.so
[4.522s] -- Installing: /home/ubuntu/ros2_ws/install/radar_bgt60tr13c_driver/lib/libradar_sdk.so
[4.522s] -- Installing: /home/ubuntu/ros2_ws/install/radar_bgt60tr13c_driver/lib/libsdk_radar_device_common.so
[4.523s] -- Installing: /home/ubuntu/ros2_ws/install/radar_bgt60tr13c_driver/share/radar_bgt60tr13c_driver/launch
[4.523s] -- Installing: /home/ubuntu/ros2_ws/install/radar_bgt60tr13c_driver/share/radar_bgt60tr13c_driver/launch/radar_visualizer.launch.py
[4.523s] -- Installing: /home/ubuntu/ros2_ws/install/radar_bgt60tr13c_driver/share/radar_bgt60tr13c_driver/environment/library_path.dsv
[4.523s] -- Up-to-date: /home/ubuntu/ros2_ws/install/radar_bgt60tr13c_driver/share/radar_bgt60tr13c_driver/environment/library_path.dsv
[4.523s] -- Installing: /home/ubuntu/ros2_ws/install/radar_bgt60tr13c_driver/share/ament_index/resource_index/package_run_dependencies/radar_bgt60tr13c_driver
[4.523s] -- Installing: /home/ubuntu/ros2_ws/install/radar_bgt60tr13c_driver/share/ament_index/resource_index/parent_prefix_path/radar_bgt60tr13c_driver
[4.523s] -- Installing: /home/ubuntu/ros2_ws/install/radar_bgt60tr13c_driver/share/radar_bgt60tr13c_driver/environment/ament_prefix_path.sh
[4.523s] -- Installing: /home/ubuntu/ros2_ws/install/radar_bgt60tr13c_driver/share/radar_bgt60tr13c_driver/environment/ament_prefix_path.dsv
[4.524s] -- Installing: /home/ubuntu/ros2_ws/install/radar_bgt60tr13c_driver/share/radar_bgt60tr13c_driver/environment/path.sh
[4.524s] -- Installing: /home/ubuntu/ros2_ws/install/radar_bgt60tr13c_driver/share/radar_bgt60tr13c_driver/environment/path.dsv
[4.524s] -- Installing: /home/ubuntu/ros2_ws/install/radar_bgt60tr13c_driver/share/radar_bgt60tr13c_driver/local_setup.bash
[4.524s] -- Installing: /home/ubuntu/ros2_ws/install/radar_bgt60tr13c_driver/share/radar_bgt60tr13c_driver/local_setup.sh
[4.524s] -- Installing: /home/ubuntu/ros2_ws/install/radar_bgt60tr13c_driver/share/radar_bgt60tr13c_driver/local_setup.zsh
[4.524s] -- Installing: /home/ubuntu/ros2_ws/install/radar_bgt60tr13c_driver/share/radar_bgt60tr13c_driver/local_setup.dsv
[4.524s] -- Installing: /home/ubuntu/ros2_ws/install/radar_bgt60tr13c_driver/share/radar_bgt60tr13c_driver/package.dsv
[4.524s] -- Installing: /home/ubuntu/ros2_ws/install/radar_bgt60tr13c_driver/share/ament_index/resource_index/packages/radar_bgt60tr13c_driver
[4.524s] -- Installing: /home/ubuntu/ros2_ws/install/radar_bgt60tr13c_driver/share/radar_bgt60tr13c_driver/cmake/radar_bgt60tr13c_driverConfig.cmake
[4.525s] -- Installing: /home/ubuntu/ros2_ws/install/radar_bgt60tr13c_driver/share/radar_bgt60tr13c_driver/cmake/radar_bgt60tr13c_driverConfig-version.cmake
[4.525s] -- Installing: /home/ubuntu/ros2_ws/install/radar_bgt60tr13c_driver/share/radar_bgt60tr13c_driver/package.xml
[4.528s] Invoked command in '/home/ubuntu/ros2_ws/build/radar_bgt60tr13c_driver' returned '0': CMAKE_PREFIX_PATH=${CMAKE_PREFIX_PATH}:/home/ubuntu/turtlebot3_ws/install/turtlebot3_teleop:/home/ubuntu/turtlebot3_ws/install/turtlebot3_example:/opt/ros/humble /usr/bin/cmake --install /home/ubuntu/ros2_ws/build/radar_bgt60tr13c_driver
