-- Found ament_cmake: 1.3.11 (/opt/ros/humble/share/ament_cmake/cmake)
-- Found rclcpp: 16.0.12 (/opt/ros/humble/share/rclcpp/cmake)
-- Found rosidl_generator_c: 3.1.6 (/opt/ros/humble/share/rosidl_generator_c/cmake)
-- Found rosidl_adapter: 3.1.6 (/opt/ros/humble/share/rosidl_adapter/cmake)
-- Found rosidl_generator_cpp: 3.1.6 (/opt/ros/humble/share/rosidl_generator_cpp/cmake)
-- Using all available rosidl_typesupport_c: rosidl_typesupport_fastrtps_c;rosidl_typesupport_introspection_c
-- Using all available rosidl_typesupport_cpp: rosidl_typesupport_fastrtps_cpp;rosidl_typesupport_introspection_cpp
-- Found rmw_implementation_cmake: 6.1.2 (/opt/ros/humble/share/rmw_implementation_cmake/cmake)
-- Found rmw_fastrtps_cpp: 6.2.7 (/opt/ros/humble/share/rmw_fastrtps_cpp/cmake)
-- Using RMW implementation 'rmw_fastrtps_cpp' as default
-- Found sensor_msgs: 4.8.0 (/opt/ros/humble/share/sensor_msgs/cmake)
-- Configuring done
[33mCMake Warning at CMakeLists.txt:27 (add_executable):
  Cannot generate a safe runtime search path for target radar_publisher_node
  because there is a cycle in the constraint graph:

    dir 0 is [/home/ubuntu/ros2_ws/src/radar_bgt60tr13c_driver/radar_sdk/build/bin/lib]
      dir 1 must precede it due to runtime library [libsdk_avian.so]
    dir 1 is [/home/ubuntu/ros2_ws/src/radar_bgt60tr13c_driver/radar_sdk/libs/linux_x64]
      dir 0 must precede it due to runtime library [libsdk_algo.so]
    dir 2 is [/opt/ros/humble/lib]

  Some of these libraries may not be found correctly.

[0m
-- Generating done
-- Build files have been written to: /home/ubuntu/ros2_ws/src/radar_bgt60tr13c_driver/build/radar_bgt60tr13c_driver
[35m[1mConsolidate compiler generated dependencies of target radar_publisher_node[0m
[100%] Built target radar_publisher_node
-- Install configuration: ""
-- Up-to-date: /home/ubuntu/ros2_ws/src/radar_bgt60tr13c_driver/install/radar_bgt60tr13c_driver/lib/radar_bgt60tr13c_driver/radar_publisher_node
-- Installing: /home/ubuntu/ros2_ws/src/radar_bgt60tr13c_driver/install/radar_bgt60tr13c_driver/lib/radar_bgt60tr13c_driver/radar_visualizer.py
-- Up-to-date: /home/ubuntu/ros2_ws/src/radar_bgt60tr13c_driver/install/radar_bgt60tr13c_driver/lib/libsdk_base.so
-- Up-to-date: /home/ubuntu/ros2_ws/src/radar_bgt60tr13c_driver/install/radar_bgt60tr13c_driver/lib/libsdk_algo.so
-- Up-to-date: /home/ubuntu/ros2_ws/src/radar_bgt60tr13c_driver/install/radar_bgt60tr13c_driver/lib/libstrata_shared.so
-- Up-to-date: /home/ubuntu/ros2_ws/src/radar_bgt60tr13c_driver/install/radar_bgt60tr13c_driver/lib/libsdk_avian.so
-- Up-to-date: /home/ubuntu/ros2_ws/src/radar_bgt60tr13c_driver/install/radar_bgt60tr13c_driver/lib/liblib_avian.so
-- Up-to-date: /home/ubuntu/ros2_ws/src/radar_bgt60tr13c_driver/install/radar_bgt60tr13c_driver/lib/libsdk_fmcw.so
-- Up-to-date: /home/ubuntu/ros2_ws/src/radar_bgt60tr13c_driver/install/radar_bgt60tr13c_driver/lib/libsdk_radar.so
-- Up-to-date: /home/ubuntu/ros2_ws/src/radar_bgt60tr13c_driver/install/radar_bgt60tr13c_driver/lib/libradar_sdk.so
-- Up-to-date: /home/ubuntu/ros2_ws/src/radar_bgt60tr13c_driver/install/radar_bgt60tr13c_driver/lib/libsdk_radar_device_common.so
-- Up-to-date: /home/ubuntu/ros2_ws/src/radar_bgt60tr13c_driver/install/radar_bgt60tr13c_driver/share/radar_bgt60tr13c_driver/launch
-- Up-to-date: /home/ubuntu/ros2_ws/src/radar_bgt60tr13c_driver/install/radar_bgt60tr13c_driver/share/radar_bgt60tr13c_driver/launch/radar_visualizer.launch.py
-- Installing: /home/ubuntu/ros2_ws/src/radar_bgt60tr13c_driver/install/radar_bgt60tr13c_driver/share/radar_bgt60tr13c_driver/environment/library_path.dsv
-- Up-to-date: /home/ubuntu/ros2_ws/src/radar_bgt60tr13c_driver/install/radar_bgt60tr13c_driver/share/radar_bgt60tr13c_driver/environment/library_path.dsv
-- Up-to-date: /home/ubuntu/ros2_ws/src/radar_bgt60tr13c_driver/install/radar_bgt60tr13c_driver/share/ament_index/resource_index/package_run_dependencies/radar_bgt60tr13c_driver
-- Installing: /home/ubuntu/ros2_ws/src/radar_bgt60tr13c_driver/install/radar_bgt60tr13c_driver/share/ament_index/resource_index/parent_prefix_path/radar_bgt60tr13c_driver
-- Up-to-date: /home/ubuntu/ros2_ws/src/radar_bgt60tr13c_driver/install/radar_bgt60tr13c_driver/share/radar_bgt60tr13c_driver/environment/ament_prefix_path.sh
-- Installing: /home/ubuntu/ros2_ws/src/radar_bgt60tr13c_driver/install/radar_bgt60tr13c_driver/share/radar_bgt60tr13c_driver/environment/ament_prefix_path.dsv
-- Up-to-date: /home/ubuntu/ros2_ws/src/radar_bgt60tr13c_driver/install/radar_bgt60tr13c_driver/share/radar_bgt60tr13c_driver/environment/path.sh
-- Installing: /home/ubuntu/ros2_ws/src/radar_bgt60tr13c_driver/install/radar_bgt60tr13c_driver/share/radar_bgt60tr13c_driver/environment/path.dsv
-- Up-to-date: /home/ubuntu/ros2_ws/src/radar_bgt60tr13c_driver/install/radar_bgt60tr13c_driver/share/radar_bgt60tr13c_driver/local_setup.bash
-- Up-to-date: /home/ubuntu/ros2_ws/src/radar_bgt60tr13c_driver/install/radar_bgt60tr13c_driver/share/radar_bgt60tr13c_driver/local_setup.sh
-- Up-to-date: /home/ubuntu/ros2_ws/src/radar_bgt60tr13c_driver/install/radar_bgt60tr13c_driver/share/radar_bgt60tr13c_driver/local_setup.zsh
-- Installing: /home/ubuntu/ros2_ws/src/radar_bgt60tr13c_driver/install/radar_bgt60tr13c_driver/share/radar_bgt60tr13c_driver/local_setup.dsv
-- Installing: /home/ubuntu/ros2_ws/src/radar_bgt60tr13c_driver/install/radar_bgt60tr13c_driver/share/radar_bgt60tr13c_driver/package.dsv
-- Up-to-date: /home/ubuntu/ros2_ws/src/radar_bgt60tr13c_driver/install/radar_bgt60tr13c_driver/share/ament_index/resource_index/packages/radar_bgt60tr13c_driver
-- Up-to-date: /home/ubuntu/ros2_ws/src/radar_bgt60tr13c_driver/install/radar_bgt60tr13c_driver/share/radar_bgt60tr13c_driver/cmake/radar_bgt60tr13c_driverConfig.cmake
-- Up-to-date: /home/ubuntu/ros2_ws/src/radar_bgt60tr13c_driver/install/radar_bgt60tr13c_driver/share/radar_bgt60tr13c_driver/cmake/radar_bgt60tr13c_driverConfig-version.cmake
-- Up-to-date: /home/ubuntu/ros2_ws/src/radar_bgt60tr13c_driver/install/radar_bgt60tr13c_driver/share/radar_bgt60tr13c_driver/package.xml
