[0.058s] DEBUG:colcon:Command line arguments: ['/usr/bin/colcon', 'build', '--packages-select', 'radar_bgt60tr13c_driver']
[0.058s] DEBUG:colcon:Parsed command line arguments: Namespace(log_base=None, log_level=None, verb_name='build', build_base='build', install_base='install', merge_install=False, symlink_install=False, test_result_base=None, continue_on_error=False, executor='parallel', parallel_workers=16, event_handlers=None, ignore_user_meta=False, metas=['./colcon.meta'], base_paths=['.'], packages_ignore=None, packages_ignore_regex=None, paths=None, packages_up_to=None, packages_up_to_regex=None, packages_above=None, packages_above_and_dependencies=None, packages_above_depth=None, packages_select_by_dep=None, packages_skip_by_dep=None, packages_skip_up_to=None, packages_select_build_failed=False, packages_skip_build_finished=False, packages_select_test_failures=False, packages_skip_test_passed=False, packages_select=['radar_bgt60tr13c_driver'], packages_skip=None, packages_select_regex=None, packages_skip_regex=None, packages_start=None, packages_end=None, allow_overriding=[], cmake_args=None, cmake_target=None, cmake_target_skip_unavailable=False, cmake_clean_cache=False, cmake_clean_first=False, cmake_force_configure=False, ament_cmake_args=None, catkin_cmake_args=None, catkin_skip_building_tests=False, mixin_files=None, mixin=None, verb_parser=<colcon_mixin.mixin.mixin_argument.MixinArgumentDecorator object at 0x7719b78ffdc0>, verb_extension=<colcon_core.verb.build.BuildVerb object at 0x7719b78ff910>, main=<bound method BuildVerb.main of <colcon_core.verb.build.BuildVerb object at 0x7719b78ff910>>, mixin_verb=('build',))
[0.144s] Level 1:colcon.colcon_core.package_discovery:discover_packages(colcon_meta) check parameters
[0.144s] Level 1:colcon.colcon_core.package_discovery:discover_packages(recursive) check parameters
[0.144s] Level 1:colcon.colcon_core.package_discovery:discover_packages(ignore) check parameters
[0.144s] Level 1:colcon.colcon_core.package_discovery:discover_packages(path) check parameters
[0.144s] Level 1:colcon.colcon_core.package_discovery:discover_packages(colcon_meta) discover
[0.144s] Level 1:colcon.colcon_core.package_discovery:discover_packages(recursive) discover
[0.144s] INFO:colcon.colcon_core.package_discovery:Crawling recursively for packages in '/home/ubuntu/ros2_ws'
[0.144s] Level 1:colcon.colcon_core.package_identification:_identify(.) by extensions ['ignore', 'ignore_ament_install']
[0.144s] Level 1:colcon.colcon_core.package_identification:_identify(.) by extension 'ignore'
[0.144s] Level 1:colcon.colcon_core.package_identification:_identify(.) by extension 'ignore_ament_install'
[0.144s] Level 1:colcon.colcon_core.package_identification:_identify(.) by extensions ['colcon_pkg']
[0.144s] Level 1:colcon.colcon_core.package_identification:_identify(.) by extension 'colcon_pkg'
[0.144s] Level 1:colcon.colcon_core.package_identification:_identify(.) by extensions ['colcon_meta']
[0.144s] Level 1:colcon.colcon_core.package_identification:_identify(.) by extension 'colcon_meta'
[0.144s] Level 1:colcon.colcon_core.package_identification:_identify(.) by extensions ['ros']
[0.144s] Level 1:colcon.colcon_core.package_identification:_identify(.) by extension 'ros'
[0.152s] Level 1:colcon.colcon_core.package_identification:_identify(.) by extensions ['cmake', 'python']
[0.152s] Level 1:colcon.colcon_core.package_identification:_identify(.) by extension 'cmake'
[0.152s] Level 1:colcon.colcon_core.package_identification:_identify(.) by extension 'python'
[0.152s] Level 1:colcon.colcon_core.package_identification:_identify(.) by extensions ['python_setup_py']
[0.152s] Level 1:colcon.colcon_core.package_identification:_identify(.) by extension 'python_setup_py'
[0.152s] Level 1:colcon.colcon_core.package_identification:_identify(build) by extensions ['ignore', 'ignore_ament_install']
[0.152s] Level 1:colcon.colcon_core.package_identification:_identify(build) by extension 'ignore'
[0.153s] Level 1:colcon.colcon_core.package_identification:_identify(build) ignored
[0.153s] Level 1:colcon.colcon_core.package_identification:_identify(install) by extensions ['ignore', 'ignore_ament_install']
[0.153s] Level 1:colcon.colcon_core.package_identification:_identify(install) by extension 'ignore'
[0.153s] Level 1:colcon.colcon_core.package_identification:_identify(install) ignored
[0.153s] Level 1:colcon.colcon_core.package_identification:_identify(log) by extensions ['ignore', 'ignore_ament_install']
[0.153s] Level 1:colcon.colcon_core.package_identification:_identify(log) by extension 'ignore'
[0.153s] Level 1:colcon.colcon_core.package_identification:_identify(log) ignored
[0.153s] Level 1:colcon.colcon_core.package_identification:_identify(radar_bgt60tr13c_driver) by extensions ['ignore', 'ignore_ament_install']
[0.153s] Level 1:colcon.colcon_core.package_identification:_identify(radar_bgt60tr13c_driver) by extension 'ignore'
[0.153s] Level 1:colcon.colcon_core.package_identification:_identify(radar_bgt60tr13c_driver) by extension 'ignore_ament_install'
[0.153s] Level 1:colcon.colcon_core.package_identification:_identify(radar_bgt60tr13c_driver) by extensions ['colcon_pkg']
[0.153s] Level 1:colcon.colcon_core.package_identification:_identify(radar_bgt60tr13c_driver) by extension 'colcon_pkg'
[0.153s] Level 1:colcon.colcon_core.package_identification:_identify(radar_bgt60tr13c_driver) by extensions ['colcon_meta']
[0.153s] Level 1:colcon.colcon_core.package_identification:_identify(radar_bgt60tr13c_driver) by extension 'colcon_meta'
[0.153s] Level 1:colcon.colcon_core.package_identification:_identify(radar_bgt60tr13c_driver) by extensions ['ros']
[0.153s] Level 1:colcon.colcon_core.package_identification:_identify(radar_bgt60tr13c_driver) by extension 'ros'
[0.153s] Level 1:colcon.colcon_core.package_identification:_identify(radar_bgt60tr13c_driver) by extensions ['cmake', 'python']
[0.153s] Level 1:colcon.colcon_core.package_identification:_identify(radar_bgt60tr13c_driver) by extension 'cmake'
[0.153s] Level 1:colcon.colcon_core.package_identification:_identify(radar_bgt60tr13c_driver) by extension 'python'
[0.153s] Level 1:colcon.colcon_core.package_identification:_identify(radar_bgt60tr13c_driver) by extensions ['python_setup_py']
[0.153s] Level 1:colcon.colcon_core.package_identification:_identify(radar_bgt60tr13c_driver) by extension 'python_setup_py'
[0.153s] Level 1:colcon.colcon_core.package_identification:_identify(src) by extensions ['ignore', 'ignore_ament_install']
[0.153s] Level 1:colcon.colcon_core.package_identification:_identify(src) by extension 'ignore'
[0.153s] Level 1:colcon.colcon_core.package_identification:_identify(src) by extension 'ignore_ament_install'
[0.153s] Level 1:colcon.colcon_core.package_identification:_identify(src) by extensions ['colcon_pkg']
[0.153s] Level 1:colcon.colcon_core.package_identification:_identify(src) by extension 'colcon_pkg'
[0.153s] Level 1:colcon.colcon_core.package_identification:_identify(src) by extensions ['colcon_meta']
[0.153s] Level 1:colcon.colcon_core.package_identification:_identify(src) by extension 'colcon_meta'
[0.153s] Level 1:colcon.colcon_core.package_identification:_identify(src) by extensions ['ros']
[0.153s] Level 1:colcon.colcon_core.package_identification:_identify(src) by extension 'ros'
[0.153s] Level 1:colcon.colcon_core.package_identification:_identify(src) by extensions ['cmake', 'python']
[0.153s] Level 1:colcon.colcon_core.package_identification:_identify(src) by extension 'cmake'
[0.153s] Level 1:colcon.colcon_core.package_identification:_identify(src) by extension 'python'
[0.153s] Level 1:colcon.colcon_core.package_identification:_identify(src) by extensions ['python_setup_py']
[0.153s] Level 1:colcon.colcon_core.package_identification:_identify(src) by extension 'python_setup_py'
[0.153s] Level 1:colcon.colcon_core.package_identification:_identify(src/build) by extensions ['ignore', 'ignore_ament_install']
[0.153s] Level 1:colcon.colcon_core.package_identification:_identify(src/build) by extension 'ignore'
[0.153s] Level 1:colcon.colcon_core.package_identification:_identify(src/build) ignored
[0.153s] Level 1:colcon.colcon_core.package_identification:_identify(src/install) by extensions ['ignore', 'ignore_ament_install']
[0.153s] Level 1:colcon.colcon_core.package_identification:_identify(src/install) by extension 'ignore'
[0.153s] Level 1:colcon.colcon_core.package_identification:_identify(src/install) ignored
[0.153s] Level 1:colcon.colcon_core.package_identification:_identify(src/log) by extensions ['ignore', 'ignore_ament_install']
[0.153s] Level 1:colcon.colcon_core.package_identification:_identify(src/log) by extension 'ignore'
[0.153s] Level 1:colcon.colcon_core.package_identification:_identify(src/log) ignored
[0.154s] Level 1:colcon.colcon_core.package_identification:_identify(src/radar_bgt60tr13c_driver) by extensions ['ignore', 'ignore_ament_install']
[0.154s] Level 1:colcon.colcon_core.package_identification:_identify(src/radar_bgt60tr13c_driver) by extension 'ignore'
[0.154s] Level 1:colcon.colcon_core.package_identification:_identify(src/radar_bgt60tr13c_driver) by extension 'ignore_ament_install'
[0.154s] Level 1:colcon.colcon_core.package_identification:_identify(src/radar_bgt60tr13c_driver) by extensions ['colcon_pkg']
[0.154s] Level 1:colcon.colcon_core.package_identification:_identify(src/radar_bgt60tr13c_driver) by extension 'colcon_pkg'
[0.154s] Level 1:colcon.colcon_core.package_identification:_identify(src/radar_bgt60tr13c_driver) by extensions ['colcon_meta']
[0.154s] Level 1:colcon.colcon_core.package_identification:_identify(src/radar_bgt60tr13c_driver) by extension 'colcon_meta'
[0.154s] Level 1:colcon.colcon_core.package_identification:_identify(src/radar_bgt60tr13c_driver) by extensions ['ros']
[0.154s] Level 1:colcon.colcon_core.package_identification:_identify(src/radar_bgt60tr13c_driver) by extension 'ros'
[0.155s] DEBUG:colcon.colcon_core.package_identification:Package 'src/radar_bgt60tr13c_driver' with type 'ros.ament_cmake' and name 'radar_bgt60tr13c_driver'
[0.155s] Level 1:colcon.colcon_core.package_identification:_identify(src/ros2_radar_ws) by extensions ['ignore', 'ignore_ament_install']
[0.155s] Level 1:colcon.colcon_core.package_identification:_identify(src/ros2_radar_ws) by extension 'ignore'
[0.155s] Level 1:colcon.colcon_core.package_identification:_identify(src/ros2_radar_ws) by extension 'ignore_ament_install'
[0.155s] Level 1:colcon.colcon_core.package_identification:_identify(src/ros2_radar_ws) by extensions ['colcon_pkg']
[0.155s] Level 1:colcon.colcon_core.package_identification:_identify(src/ros2_radar_ws) by extension 'colcon_pkg'
[0.155s] Level 1:colcon.colcon_core.package_identification:_identify(src/ros2_radar_ws) by extensions ['colcon_meta']
[0.155s] Level 1:colcon.colcon_core.package_identification:_identify(src/ros2_radar_ws) by extension 'colcon_meta'
[0.155s] Level 1:colcon.colcon_core.package_identification:_identify(src/ros2_radar_ws) by extensions ['ros']
[0.155s] Level 1:colcon.colcon_core.package_identification:_identify(src/ros2_radar_ws) by extension 'ros'
[0.156s] Level 1:colcon.colcon_core.package_identification:_identify(src/ros2_radar_ws) by extensions ['cmake', 'python']
[0.156s] Level 1:colcon.colcon_core.package_identification:_identify(src/ros2_radar_ws) by extension 'cmake'
[0.156s] Level 1:colcon.colcon_core.package_identification:_identify(src/ros2_radar_ws) by extension 'python'
[0.156s] Level 1:colcon.colcon_core.package_identification:_identify(src/ros2_radar_ws) by extensions ['python_setup_py']
[0.156s] Level 1:colcon.colcon_core.package_identification:_identify(src/ros2_radar_ws) by extension 'python_setup_py'
[0.156s] Level 1:colcon.colcon_core.package_identification:_identify(src/ros2_radar_ws/radar_robot_application) by extensions ['ignore', 'ignore_ament_install']
[0.156s] Level 1:colcon.colcon_core.package_identification:_identify(src/ros2_radar_ws/radar_robot_application) by extension 'ignore'
[0.156s] Level 1:colcon.colcon_core.package_identification:_identify(src/ros2_radar_ws/radar_robot_application) by extension 'ignore_ament_install'
[0.156s] Level 1:colcon.colcon_core.package_identification:_identify(src/ros2_radar_ws/radar_robot_application) by extensions ['colcon_pkg']
[0.156s] Level 1:colcon.colcon_core.package_identification:_identify(src/ros2_radar_ws/radar_robot_application) by extension 'colcon_pkg'
[0.156s] Level 1:colcon.colcon_core.package_identification:_identify(src/ros2_radar_ws/radar_robot_application) by extensions ['colcon_meta']
[0.156s] Level 1:colcon.colcon_core.package_identification:_identify(src/ros2_radar_ws/radar_robot_application) by extension 'colcon_meta'
[0.156s] Level 1:colcon.colcon_core.package_identification:_identify(src/ros2_radar_ws/radar_robot_application) by extensions ['ros']
[0.156s] Level 1:colcon.colcon_core.package_identification:_identify(src/ros2_radar_ws/radar_robot_application) by extension 'ros'
[0.156s] DEBUG:colcon.colcon_core.package_identification:Package 'src/ros2_radar_ws/radar_robot_application' with type 'ros.ament_python' and name 'radar_robot_application'
[0.156s] Level 1:colcon.colcon_core.package_discovery:discover_packages(recursive) using defaults
[0.156s] Level 1:colcon.colcon_core.package_discovery:discover_packages(ignore) discover
[0.156s] Level 1:colcon.colcon_core.package_discovery:discover_packages(ignore) using defaults
[0.156s] Level 1:colcon.colcon_core.package_discovery:discover_packages(path) discover
[0.156s] Level 1:colcon.colcon_core.package_discovery:discover_packages(path) using defaults
[0.174s] INFO:colcon.colcon_core.package_selection:Skipping not selected package 'radar_robot_application' in 'src/ros2_radar_ws/radar_robot_application'
[0.174s] Level 1:colcon.colcon_core.package_discovery:discover_packages(prefix_path) check parameters
[0.174s] Level 1:colcon.colcon_core.package_discovery:discover_packages(prefix_path) discover
[0.175s] DEBUG:colcon.colcon_installed_package_information.package_discovery:Found 1 installed packages in /home/ubuntu/ros2_ws/install
[0.176s] DEBUG:colcon.colcon_installed_package_information.package_discovery:Found 16 installed packages in /home/ubuntu/turtlebot3_ws/install
[0.177s] DEBUG:colcon.colcon_installed_package_information.package_discovery:Found 411 installed packages in /opt/ros/humble
[0.178s] Level 1:colcon.colcon_core.package_discovery:discover_packages(prefix_path) using defaults
[0.203s] Level 5:colcon.colcon_core.verb:set package 'radar_bgt60tr13c_driver' build argument 'cmake_args' from command line to 'None'
[0.203s] Level 5:colcon.colcon_core.verb:set package 'radar_bgt60tr13c_driver' build argument 'cmake_target' from command line to 'None'
[0.203s] Level 5:colcon.colcon_core.verb:set package 'radar_bgt60tr13c_driver' build argument 'cmake_target_skip_unavailable' from command line to 'False'
[0.203s] Level 5:colcon.colcon_core.verb:set package 'radar_bgt60tr13c_driver' build argument 'cmake_clean_cache' from command line to 'False'
[0.203s] Level 5:colcon.colcon_core.verb:set package 'radar_bgt60tr13c_driver' build argument 'cmake_clean_first' from command line to 'False'
[0.203s] Level 5:colcon.colcon_core.verb:set package 'radar_bgt60tr13c_driver' build argument 'cmake_force_configure' from command line to 'False'
[0.203s] Level 5:colcon.colcon_core.verb:set package 'radar_bgt60tr13c_driver' build argument 'ament_cmake_args' from command line to 'None'
[0.203s] Level 5:colcon.colcon_core.verb:set package 'radar_bgt60tr13c_driver' build argument 'catkin_cmake_args' from command line to 'None'
[0.203s] Level 5:colcon.colcon_core.verb:set package 'radar_bgt60tr13c_driver' build argument 'catkin_skip_building_tests' from command line to 'False'
[0.203s] DEBUG:colcon.colcon_core.verb:Building package 'radar_bgt60tr13c_driver' with the following arguments: {'ament_cmake_args': None, 'build_base': '/home/ubuntu/ros2_ws/build/radar_bgt60tr13c_driver', 'catkin_cmake_args': None, 'catkin_skip_building_tests': False, 'cmake_args': None, 'cmake_clean_cache': False, 'cmake_clean_first': False, 'cmake_force_configure': False, 'cmake_target': None, 'cmake_target_skip_unavailable': False, 'install_base': '/home/ubuntu/ros2_ws/install/radar_bgt60tr13c_driver', 'merge_install': False, 'path': '/home/ubuntu/ros2_ws/src/radar_bgt60tr13c_driver', 'symlink_install': False, 'test_result_base': None}
[0.203s] INFO:colcon.colcon_core.executor:Executing jobs using 'parallel' executor
[0.204s] DEBUG:colcon.colcon_parallel_executor.executor.parallel:run_until_complete
[0.204s] INFO:colcon.colcon_ros.task.ament_cmake.build:Building ROS package in '/home/ubuntu/ros2_ws/src/radar_bgt60tr13c_driver' with build type 'ament_cmake'
[0.204s] INFO:colcon.colcon_cmake.task.cmake.build:Building CMake package in '/home/ubuntu/ros2_ws/src/radar_bgt60tr13c_driver'
[0.206s] INFO:colcon.colcon_core.plugin_system:Skipping extension 'colcon_core.shell.bat': Not used on non-Windows systems
[0.206s] INFO:colcon.colcon_core.shell:Skip shell extension 'powershell' for command environment: Not usable outside of PowerShell
[0.206s] DEBUG:colcon.colcon_core.shell:Skip shell extension 'dsv' for command environment
[0.222s] DEBUG:colcon.colcon_core.event_handler.log_command:Invoking command in '/home/ubuntu/ros2_ws/build/radar_bgt60tr13c_driver': CMAKE_PREFIX_PATH=${CMAKE_PREFIX_PATH}:/home/ubuntu/turtlebot3_ws/install/turtlebot3_teleop:/home/ubuntu/turtlebot3_ws/install/turtlebot3_example:/opt/ros/humble /usr/bin/cmake --build /home/ubuntu/ros2_ws/build/radar_bgt60tr13c_driver -- -j16 -l16
[0.312s] DEBUG:colcon.colcon_core.event_handler.log_command:Invoked command in '/home/ubuntu/ros2_ws/build/radar_bgt60tr13c_driver' returned '0': CMAKE_PREFIX_PATH=${CMAKE_PREFIX_PATH}:/home/ubuntu/turtlebot3_ws/install/turtlebot3_teleop:/home/ubuntu/turtlebot3_ws/install/turtlebot3_example:/opt/ros/humble /usr/bin/cmake --build /home/ubuntu/ros2_ws/build/radar_bgt60tr13c_driver -- -j16 -l16
[0.328s] DEBUG:colcon.colcon_core.event_handler.log_command:Invoking command in '/home/ubuntu/ros2_ws/build/radar_bgt60tr13c_driver': CMAKE_PREFIX_PATH=${CMAKE_PREFIX_PATH}:/home/ubuntu/turtlebot3_ws/install/turtlebot3_teleop:/home/ubuntu/turtlebot3_ws/install/turtlebot3_example:/opt/ros/humble /usr/bin/cmake --install /home/ubuntu/ros2_ws/build/radar_bgt60tr13c_driver
[0.340s] Level 1:colcon.colcon_core.environment:create_environment_scripts_only(radar_bgt60tr13c_driver)
[0.340s] DEBUG:colcon.colcon_core.event_handler.log_command:Invoked command in '/home/ubuntu/ros2_ws/build/radar_bgt60tr13c_driver' returned '0': CMAKE_PREFIX_PATH=${CMAKE_PREFIX_PATH}:/home/ubuntu/turtlebot3_ws/install/turtlebot3_teleop:/home/ubuntu/turtlebot3_ws/install/turtlebot3_example:/opt/ros/humble /usr/bin/cmake --install /home/ubuntu/ros2_ws/build/radar_bgt60tr13c_driver
[0.342s] Level 1:colcon.colcon_core.environment:checking '/home/ubuntu/ros2_ws/install/radar_bgt60tr13c_driver' for CMake module files
[0.343s] Level 1:colcon.colcon_core.environment:checking '/home/ubuntu/ros2_ws/install/radar_bgt60tr13c_driver' for CMake config files
[0.343s] Level 1:colcon.colcon_core.shell:create_environment_hook('radar_bgt60tr13c_driver', 'cmake_prefix_path')
[0.343s] INFO:colcon.colcon_core.shell:Creating environment hook '/home/ubuntu/ros2_ws/install/radar_bgt60tr13c_driver/share/radar_bgt60tr13c_driver/hook/cmake_prefix_path.ps1'
[0.343s] INFO:colcon.colcon_core.shell:Creating environment descriptor '/home/ubuntu/ros2_ws/install/radar_bgt60tr13c_driver/share/radar_bgt60tr13c_driver/hook/cmake_prefix_path.dsv'
[0.344s] INFO:colcon.colcon_core.shell:Creating environment hook '/home/ubuntu/ros2_ws/install/radar_bgt60tr13c_driver/share/radar_bgt60tr13c_driver/hook/cmake_prefix_path.sh'
[0.344s] Level 1:colcon.colcon_core.environment:checking '/home/ubuntu/ros2_ws/install/radar_bgt60tr13c_driver/lib'
[0.344s] Level 1:colcon.colcon_core.shell:create_environment_hook('radar_bgt60tr13c_driver', 'ld_library_path_lib')
[0.344s] INFO:colcon.colcon_core.shell:Creating environment hook '/home/ubuntu/ros2_ws/install/radar_bgt60tr13c_driver/share/radar_bgt60tr13c_driver/hook/ld_library_path_lib.ps1'
[0.344s] INFO:colcon.colcon_core.shell:Creating environment descriptor '/home/ubuntu/ros2_ws/install/radar_bgt60tr13c_driver/share/radar_bgt60tr13c_driver/hook/ld_library_path_lib.dsv'
[0.345s] INFO:colcon.colcon_core.shell:Creating environment hook '/home/ubuntu/ros2_ws/install/radar_bgt60tr13c_driver/share/radar_bgt60tr13c_driver/hook/ld_library_path_lib.sh'
[0.345s] Level 1:colcon.colcon_core.environment:checking '/home/ubuntu/ros2_ws/install/radar_bgt60tr13c_driver/bin'
[0.345s] Level 1:colcon.colcon_core.environment:checking '/home/ubuntu/ros2_ws/install/radar_bgt60tr13c_driver/lib/pkgconfig/radar_bgt60tr13c_driver.pc'
[0.345s] Level 1:colcon.colcon_core.environment:checking '/home/ubuntu/ros2_ws/install/radar_bgt60tr13c_driver/lib/python3.10/site-packages'
[0.345s] Level 1:colcon.colcon_core.environment:checking '/home/ubuntu/ros2_ws/install/radar_bgt60tr13c_driver/bin'
[0.345s] INFO:colcon.colcon_core.shell:Creating package script '/home/ubuntu/ros2_ws/install/radar_bgt60tr13c_driver/share/radar_bgt60tr13c_driver/package.ps1'
[0.345s] INFO:colcon.colcon_core.shell:Creating package descriptor '/home/ubuntu/ros2_ws/install/radar_bgt60tr13c_driver/share/radar_bgt60tr13c_driver/package.dsv'
[0.346s] INFO:colcon.colcon_core.shell:Creating package script '/home/ubuntu/ros2_ws/install/radar_bgt60tr13c_driver/share/radar_bgt60tr13c_driver/package.sh'
[0.346s] INFO:colcon.colcon_core.shell:Creating package script '/home/ubuntu/ros2_ws/install/radar_bgt60tr13c_driver/share/radar_bgt60tr13c_driver/package.bash'
[0.346s] INFO:colcon.colcon_core.shell:Creating package script '/home/ubuntu/ros2_ws/install/radar_bgt60tr13c_driver/share/radar_bgt60tr13c_driver/package.zsh'
[0.347s] Level 1:colcon.colcon_core.environment:create_file_with_runtime_dependencies(/home/ubuntu/ros2_ws/install/radar_bgt60tr13c_driver/share/colcon-core/packages/radar_bgt60tr13c_driver)
[0.347s] Level 1:colcon.colcon_core.environment:create_environment_scripts_only(radar_bgt60tr13c_driver)
[0.347s] Level 1:colcon.colcon_core.environment:checking '/home/ubuntu/ros2_ws/install/radar_bgt60tr13c_driver' for CMake module files
[0.347s] Level 1:colcon.colcon_core.environment:checking '/home/ubuntu/ros2_ws/install/radar_bgt60tr13c_driver' for CMake config files
[0.348s] Level 1:colcon.colcon_core.shell:create_environment_hook('radar_bgt60tr13c_driver', 'cmake_prefix_path')
[0.348s] INFO:colcon.colcon_core.shell:Creating environment hook '/home/ubuntu/ros2_ws/install/radar_bgt60tr13c_driver/share/radar_bgt60tr13c_driver/hook/cmake_prefix_path.ps1'
[0.348s] INFO:colcon.colcon_core.shell:Creating environment descriptor '/home/ubuntu/ros2_ws/install/radar_bgt60tr13c_driver/share/radar_bgt60tr13c_driver/hook/cmake_prefix_path.dsv'
[0.348s] INFO:colcon.colcon_core.shell:Creating environment hook '/home/ubuntu/ros2_ws/install/radar_bgt60tr13c_driver/share/radar_bgt60tr13c_driver/hook/cmake_prefix_path.sh'
[0.348s] Level 1:colcon.colcon_core.environment:checking '/home/ubuntu/ros2_ws/install/radar_bgt60tr13c_driver/lib'
[0.348s] Level 1:colcon.colcon_core.shell:create_environment_hook('radar_bgt60tr13c_driver', 'ld_library_path_lib')
[0.349s] INFO:colcon.colcon_core.shell:Creating environment hook '/home/ubuntu/ros2_ws/install/radar_bgt60tr13c_driver/share/radar_bgt60tr13c_driver/hook/ld_library_path_lib.ps1'
[0.349s] INFO:colcon.colcon_core.shell:Creating environment descriptor '/home/ubuntu/ros2_ws/install/radar_bgt60tr13c_driver/share/radar_bgt60tr13c_driver/hook/ld_library_path_lib.dsv'
[0.349s] INFO:colcon.colcon_core.shell:Creating environment hook '/home/ubuntu/ros2_ws/install/radar_bgt60tr13c_driver/share/radar_bgt60tr13c_driver/hook/ld_library_path_lib.sh'
[0.349s] Level 1:colcon.colcon_core.environment:checking '/home/ubuntu/ros2_ws/install/radar_bgt60tr13c_driver/bin'
[0.349s] Level 1:colcon.colcon_core.environment:checking '/home/ubuntu/ros2_ws/install/radar_bgt60tr13c_driver/lib/pkgconfig/radar_bgt60tr13c_driver.pc'
[0.349s] Level 1:colcon.colcon_core.environment:checking '/home/ubuntu/ros2_ws/install/radar_bgt60tr13c_driver/lib/python3.10/site-packages'
[0.349s] Level 1:colcon.colcon_core.environment:checking '/home/ubuntu/ros2_ws/install/radar_bgt60tr13c_driver/bin'
[0.349s] INFO:colcon.colcon_core.shell:Creating package script '/home/ubuntu/ros2_ws/install/radar_bgt60tr13c_driver/share/radar_bgt60tr13c_driver/package.ps1'
[0.350s] INFO:colcon.colcon_core.shell:Creating package descriptor '/home/ubuntu/ros2_ws/install/radar_bgt60tr13c_driver/share/radar_bgt60tr13c_driver/package.dsv'
[0.350s] INFO:colcon.colcon_core.shell:Creating package script '/home/ubuntu/ros2_ws/install/radar_bgt60tr13c_driver/share/radar_bgt60tr13c_driver/package.sh'
[0.350s] INFO:colcon.colcon_core.shell:Creating package script '/home/ubuntu/ros2_ws/install/radar_bgt60tr13c_driver/share/radar_bgt60tr13c_driver/package.bash'
[0.350s] INFO:colcon.colcon_core.shell:Creating package script '/home/ubuntu/ros2_ws/install/radar_bgt60tr13c_driver/share/radar_bgt60tr13c_driver/package.zsh'
[0.351s] Level 1:colcon.colcon_core.environment:create_file_with_runtime_dependencies(/home/ubuntu/ros2_ws/install/radar_bgt60tr13c_driver/share/colcon-core/packages/radar_bgt60tr13c_driver)
[0.351s] DEBUG:colcon.colcon_parallel_executor.executor.parallel:closing loop
[0.351s] DEBUG:colcon.colcon_parallel_executor.executor.parallel:loop closed
[0.351s] DEBUG:colcon.colcon_parallel_executor.executor.parallel:run_until_complete finished with '0'
[0.351s] DEBUG:colcon.colcon_core.event_reactor:joining thread
[0.355s] INFO:colcon.colcon_core.plugin_system:Skipping extension 'colcon_notification.desktop_notification.terminal_notifier': Not used on non-Darwin systems
[0.355s] INFO:colcon.colcon_core.plugin_system:Skipping extension 'colcon_notification.desktop_notification.win32': Not used on non-Windows systems
[0.355s] INFO:colcon.colcon_notification.desktop_notification:Sending desktop notification using 'notify2'
[0.362s] DEBUG:colcon.colcon_core.event_reactor:joined thread
[0.363s] INFO:colcon.colcon_core.shell:Creating prefix script '/home/ubuntu/ros2_ws/install/local_setup.ps1'
[0.364s] INFO:colcon.colcon_core.shell:Creating prefix util module '/home/ubuntu/ros2_ws/install/_local_setup_util_ps1.py'
[0.364s] INFO:colcon.colcon_core.shell:Creating prefix chain script '/home/ubuntu/ros2_ws/install/setup.ps1'
[0.365s] INFO:colcon.colcon_core.shell:Creating prefix script '/home/ubuntu/ros2_ws/install/local_setup.sh'
[0.366s] INFO:colcon.colcon_core.shell:Creating prefix util module '/home/ubuntu/ros2_ws/install/_local_setup_util_sh.py'
[0.366s] INFO:colcon.colcon_core.shell:Creating prefix chain script '/home/ubuntu/ros2_ws/install/setup.sh'
[0.367s] INFO:colcon.colcon_core.shell:Creating prefix script '/home/ubuntu/ros2_ws/install/local_setup.bash'
[0.367s] INFO:colcon.colcon_core.shell:Creating prefix chain script '/home/ubuntu/ros2_ws/install/setup.bash'
[0.369s] INFO:colcon.colcon_core.shell:Creating prefix script '/home/ubuntu/ros2_ws/install/local_setup.zsh'
[0.369s] INFO:colcon.colcon_core.shell:Creating prefix chain script '/home/ubuntu/ros2_ws/install/setup.zsh'
