[0.019s] Invoking command in '/home/ubuntu/ros2_ws/src/radar_bgt60tr13c_driver/build/radar_bgt60tr13c_driver': CMAKE_PREFIX_PATH=${CMAKE_PREFIX_PATH}:/home/ubuntu/turtlebot3_ws/install/turtlebot3_teleop:/home/ubuntu/turtlebot3_ws/install/turtlebot3_example:/opt/ros/humble /usr/bin/cmake --build /home/ubuntu/ros2_ws/src/radar_bgt60tr13c_driver/build/radar_bgt60tr13c_driver -- -j16 -l16
[0.039s] 
[0.039s] [0/1] Re-running CMake...[K
[0.061s] -- Found ament_cmake: 1.3.11 (/opt/ros/humble/share/ament_cmake/cmake)
[0.152s] -- Found rclcpp: 16.0.12 (/opt/ros/humble/share/rclcpp/cmake)
[0.170s] -- Found rosidl_generator_c: 3.1.6 (/opt/ros/humble/share/rosidl_generator_c/cmake)
[0.171s] -- Found rosidl_adapter: 3.1.6 (/opt/ros/humble/share/rosidl_adapter/cmake)
[0.174s] -- Found rosidl_generator_cpp: 3.1.6 (/opt/ros/humble/share/rosidl_generator_cpp/cmake)
[0.179s] -- Using all available rosidl_typesupport_c: rosidl_typesupport_fastrtps_c;rosidl_typesupport_introspection_c
[0.186s] -- Using all available rosidl_typesupport_cpp: rosidl_typesupport_fastrtps_cpp;rosidl_typesupport_introspection_cpp
[0.203s] -- Found rmw_implementation_cmake: 6.1.2 (/opt/ros/humble/share/rmw_implementation_cmake/cmake)
[0.203s] -- Found rmw_fastrtps_cpp: 6.2.7 (/opt/ros/humble/share/rmw_fastrtps_cpp/cmake)
[0.304s] -- Using RMW implementation 'rmw_fastrtps_cpp' as default
[0.336s] -- Found sensor_msgs: 4.8.0 (/opt/ros/humble/share/sensor_msgs/cmake)
[0.392s] -- Configuring done
[0.399s] -- Generating done
[0.408s] -- Build files have been written to: /home/ubuntu/ros2_ws/src/radar_bgt60tr13c_driver/build/radar_bgt60tr13c_driver
[0.423s] 
[0.580s] [0/1] Linking CXX executable radar_publisher_node[K
[0.580s] [1/1] Linking CXX executable radar_publisher_node[K
[0.580s] [31mFAILED: [0mradar_publisher_node 
[0.580s] : && /usr/bin/c++   CMakeFiles/radar_publisher_node.dir/src/radar_node.cpp.o -o radar_publisher_node  -Wl,-rpath,/home/ubuntu/ros2_ws/src/radar_bgt60tr13c_driver/bgt_sdk/libs/linux_x64:/opt/ros/humble/lib:  ../../bgt_sdk/libs/linux_x64/libsdk_base.so  ../../bgt_sdk/libs/linux_x64/libsdk_algo.so  ../../bgt_sdk/libs/linux_x64/libstrata_shared.so  ../../bgt_sdk/libs/linux_x64/libsdk_avian.so  ../../bgt_sdk/libs/linux_x64/libsdk_fmcw.so  ../../bgt_sdk/libs/linux_x64/libsdk_radar.so  ../../bgt_sdk/libs/linux_x64/libradar_sdk.so  /opt/ros/humble/lib/librclcpp.so  /opt/ros/humble/lib/libsensor_msgs__rosidl_typesupport_fastrtps_c.so  /opt/ros/humble/lib/libsensor_msgs__rosidl_typesupport_fastrtps_cpp.so  /opt/ros/humble/lib/libsensor_msgs__rosidl_typesupport_introspection_c.so  /opt/ros/humble/lib/libsensor_msgs__rosidl_typesupport_introspection_cpp.so  /opt/ros/humble/lib/libsensor_msgs__rosidl_generator_py.so  /opt/ros/humble/lib/liblibstatistics_collector.so  /opt/ros/humble/lib/librcl.so  /opt/ros/humble/lib/librmw_implementation.so  /opt/ros/humble/lib/libament_index_cpp.so  /opt/ros/humble/lib/librcl_logging_spdlog.so  /opt/ros/humble/lib/librcl_logging_interface.so  /opt/ros/humble/lib/librcl_interfaces__rosidl_typesupport_fastrtps_c.so  /opt/ros/humble/lib/librcl_interfaces__rosidl_typesupport_introspection_c.so  /opt/ros/humble/lib/librcl_interfaces__rosidl_typesupport_fastrtps_cpp.so  /opt/ros/humble/lib/librcl_interfaces__rosidl_typesupport_introspection_cpp.so  /opt/ros/humble/lib/librcl_interfaces__rosidl_typesupport_cpp.so  /opt/ros/humble/lib/librcl_interfaces__rosidl_generator_py.so  /opt/ros/humble/lib/librcl_interfaces__rosidl_typesupport_c.so  /opt/ros/humble/lib/librcl_interfaces__rosidl_generator_c.so  /opt/ros/humble/lib/librcl_yaml_param_parser.so  /opt/ros/humble/lib/libyaml.so  /opt/ros/humble/lib/librosgraph_msgs__rosidl_typesupport_fastrtps_c.so  /opt/ros/humble/lib/librosgraph_msgs__rosidl_typesupport_fastrtps_cpp.so  /opt/ros/humble/lib/librosgraph_msgs__rosidl_typesupport_introspection_c.so  /opt/ros/humble/lib/librosgraph_msgs__rosidl_typesupport_introspection_cpp.so  /opt/ros/humble/lib/librosgraph_msgs__rosidl_typesupport_cpp.so  /opt/ros/humble/lib/librosgraph_msgs__rosidl_generator_py.so  /opt/ros/humble/lib/librosgraph_msgs__rosidl_typesupport_c.so  /opt/ros/humble/lib/librosgraph_msgs__rosidl_generator_c.so  /opt/ros/humble/lib/libstatistics_msgs__rosidl_typesupport_fastrtps_c.so  /opt/ros/humble/lib/libstatistics_msgs__rosidl_typesupport_fastrtps_cpp.so  /opt/ros/humble/lib/libstatistics_msgs__rosidl_typesupport_introspection_c.so  /opt/ros/humble/lib/libstatistics_msgs__rosidl_typesupport_introspection_cpp.so  /opt/ros/humble/lib/libstatistics_msgs__rosidl_typesupport_cpp.so  /opt/ros/humble/lib/libstatistics_msgs__rosidl_generator_py.so  /opt/ros/humble/lib/libstatistics_msgs__rosidl_typesupport_c.so  /opt/ros/humble/lib/libstatistics_msgs__rosidl_generator_c.so  /opt/ros/humble/lib/libtracetools.so  /opt/ros/humble/lib/libgeometry_msgs__rosidl_typesupport_fastrtps_c.so  /opt/ros/humble/lib/libstd_msgs__rosidl_typesupport_fastrtps_c.so  /opt/ros/humble/lib/libbuiltin_interfaces__rosidl_typesupport_fastrtps_c.so  /opt/ros/humble/lib/librosidl_typesupport_fastrtps_c.so  /opt/ros/humble/lib/libgeometry_msgs__rosidl_typesupport_fastrtps_cpp.so  /opt/ros/humble/lib/libstd_msgs__rosidl_typesupport_fastrtps_cpp.so  /opt/ros/humble/lib/libbuiltin_interfaces__rosidl_typesupport_fastrtps_cpp.so  /opt/ros/humble/lib/librosidl_typesupport_fastrtps_cpp.so  /opt/ros/humble/lib/libfastcdr.so.1.0.24  /opt/ros/humble/lib/librmw.so  /opt/ros/humble/lib/libgeometry_msgs__rosidl_typesupport_introspection_c.so  /opt/ros/humble/lib/libstd_msgs__rosidl_typesupport_introspection_c.so  /opt/ros/humble/lib/libbuiltin_interfaces__rosidl_typesupport_introspection_c.so  /opt/ros/humble/lib/libgeometry_msgs__rosidl_typesupport_introspection_cpp.so  /opt/ros/humble/lib/libstd_msgs__rosidl_typesupport_introspection_cpp.so  /opt/ros/humble/lib/libbuiltin_interfaces__rosidl_typesupport_introspection_cpp.so  /opt/ros/humble/lib/librosidl_typesupport_introspection_cpp.so  /opt/ros/humble/lib/librosidl_typesupport_introspection_c.so  /opt/ros/humble/lib/libsensor_msgs__rosidl_typesupport_c.so  /opt/ros/humble/lib/libsensor_msgs__rosidl_generator_c.so  /opt/ros/humble/lib/libgeometry_msgs__rosidl_generator_py.so  /opt/ros/humble/lib/libstd_msgs__rosidl_generator_py.so  /opt/ros/humble/lib/libbuiltin_interfaces__rosidl_generator_py.so  /usr/lib/x86_64-linux-gnu/libpython3.10.so  /opt/ros/humble/lib/libgeometry_msgs__rosidl_typesupport_c.so  /opt/ros/humble/lib/libstd_msgs__rosidl_typesupport_c.so  /opt/ros/humble/lib/libbuiltin_interfaces__rosidl_typesupport_c.so  /opt/ros/humble/lib/libgeometry_msgs__rosidl_generator_c.so  /opt/ros/humble/lib/libstd_msgs__rosidl_generator_c.so  /opt/ros/humble/lib/libbuiltin_interfaces__rosidl_generator_c.so  /opt/ros/humble/lib/libsensor_msgs__rosidl_typesupport_cpp.so  /opt/ros/humble/lib/libgeometry_msgs__rosidl_typesupport_cpp.so  /opt/ros/humble/lib/libstd_msgs__rosidl_typesupport_cpp.so  /opt/ros/humble/lib/libbuiltin_interfaces__rosidl_typesupport_cpp.so  /opt/ros/humble/lib/librosidl_typesupport_cpp.so  /opt/ros/humble/lib/librosidl_typesupport_c.so  /opt/ros/humble/lib/librcpputils.so  /opt/ros/humble/lib/librosidl_runtime_c.so  /opt/ros/humble/lib/librcutils.so  -ldl && :
[0.580s] /usr/bin/ld: warning: libsdk_radar_device_common.so, needed by ../../bgt_sdk/libs/linux_x64/libsdk_fmcw.so, not found (try using -rpath or -rpath-link)
[0.580s] /usr/bin/ld: warning: liblib_smartar.so, needed by ../../bgt_sdk/libs/linux_x64/libsdk_fmcw.so, not found (try using -rpath or -rpath-link)
[0.580s] /usr/bin/ld: ../../bgt_sdk/libs/linux_x64/libsdk_fmcw.so: undefined reference to `Infineon::Smartar::Configuration::get_adc_config(unsigned char, Infineon::Smartar::Adc_Config&) const'
[0.580s] /usr/bin/ld: ../../bgt_sdk/libs/linux_x64/libsdk_fmcw.so: undefined reference to `Infineon::Smartar::Configuration::get_sys_clock() const'
[0.580s] /usr/bin/ld: ../../bgt_sdk/libs/linux_x64/libsdk_fmcw.so: undefined reference to `Infineon::Smartar::Configuration::set_fifo_threshold(unsigned short)'
[0.580s] /usr/bin/ld: ../../bgt_sdk/libs/linux_x64/libsdk_fmcw.so: undefined reference to `Infineon::Smartar::Configuration::get_rx_config(unsigned char, unsigned char, Infineon::Smartar::Rx_Config&) const'
[0.580s] /usr/bin/ld: ../../bgt_sdk/libs/linux_x64/libsdk_fmcw.so: undefined reference to `rdk::RadarDeviceCommon::get_sensor_type(std::unique_ptr<BoardInstance, std::default_delete<BoardInstance> >&, ifx_Radar_Sensor_t&)'
[0.580s] /usr/bin/ld: ../../bgt_sdk/libs/linux_x64/libsdk_fmcw.so: undefined reference to `Infineon::Smartar::Device_Traits::get_device_type(unsigned int)'
[0.581s] /usr/bin/ld: ../../bgt_sdk/libs/linux_x64/libsdk_fmcw.so: undefined reference to `Infineon::Smartar::Communication::clear_fifo_threshold_interrupt()'
[0.581s] /usr/bin/ld: ../../bgt_sdk/libs/linux_x64/libsdk_fmcw.so: undefined reference to `vtable for Infineon::Smartar::DummyPort'
[0.581s] /usr/bin/ld: ../../bgt_sdk/libs/linux_x64/libsdk_fmcw.so: undefined reference to `Infineon::Smartar::Configuration::get_register_map()'
[0.581s] /usr/bin/ld: ../../bgt_sdk/libs/linux_x64/libsdk_fmcw.so: undefined reference to `Infineon::Smartar::Communication::Communication(std::unique_ptr<IPort, std::default_delete<IPort> >)'
[0.581s] /usr/bin/ld: ../../bgt_sdk/libs/linux_x64/libsdk_fmcw.so: undefined reference to `Infineon::Smartar::Value_Conversion::Scaled_Timer::get_clock_cycles() const'
[0.581s] /usr/bin/ld: ../../bgt_sdk/libs/linux_x64/libsdk_fmcw.so: undefined reference to `Infineon::Smartar::Configuration::Configuration(Infineon::Smartar::Device_Type, double, bool)'
[0.581s] /usr/bin/ld: ../../bgt_sdk/libs/linux_x64/libsdk_fmcw.so: undefined reference to `Infineon::Smartar::Configuration::set_sequence(unsigned char, Infineon::Smartar::Sequence_Config const&)'
[0.581s] /usr/bin/ld: ../../bgt_sdk/libs/linux_x64/libsdk_fmcw.so: undefined reference to `rdk::RadarDeviceCommon::get_firmware_info(BoardInstance*, ifx_Firmware_Info_t*)'
[0.581s] /usr/bin/ld: ../../bgt_sdk/libs/linux_x64/libsdk_fmcw.so: undefined reference to `Infineon::Smartar::Communication::reset(Infineon::Smartar::ResetType)'
[0.581s] /usr/bin/ld: ../../bgt_sdk/libs/linux_x64/libsdk_fmcw.so: undefined reference to `rdk::RadarDeviceCommon::open_by_uuid(char const*)'
[0.581s] /usr/bin/ld: ../../bgt_sdk/libs/linux_x64/libsdk_fmcw.so: undefined reference to `Infineon::Smartar::Configuration::get_tx_config(unsigned char, unsigned char, Infineon::Smartar::Tx_Config&) const'
[0.581s] /usr/bin/ld: ../../bgt_sdk/libs/linux_x64/libsdk_fmcw.so: undefined reference to `rdk::RadarDeviceCommon::get_list(std::function<bool (ifx_Radar_Sensor_List_Entry_t const&)>&&)'
[0.581s] /usr/bin/ld: ../../bgt_sdk/libs/linux_x64/libsdk_fmcw.so: undefined reference to `Infineon::Smartar::Configuration::get_ramp_config(unsigned char, Infineon::Smartar::Ramp_Config&) const'
[0.581s] /usr/bin/ld: ../../bgt_sdk/libs/linux_x64/libsdk_fmcw.so: undefined reference to `rdk::RadarDeviceCommon::open(std::function<bool (ifx_Radar_Sensor_List_Entry_t const&)>&&)'
[0.581s] /usr/bin/ld: ../../bgt_sdk/libs/linux_x64/libsdk_fmcw.so: undefined reference to `Infineon::Smartar::Communication::read_hw_id() const'
[0.581s] /usr/bin/ld: ../../bgt_sdk/libs/linux_x64/libsdk_fmcw.so: undefined reference to `Infineon::Smartar::Configuration::set_tx_config(unsigned char, unsigned char, Infineon::Smartar::Tx_Config const&)'
[0.581s] /usr/bin/ld: ../../bgt_sdk/libs/linux_x64/libsdk_fmcw.so: undefined reference to `Infineon::Smartar::Device_Traits::get(Infineon::Smartar::Device_Type)'
[0.581s] /usr/bin/ld: ../../bgt_sdk/libs/linux_x64/libsdk_fmcw.so: undefined reference to `Infineon::Smartar::Configuration::set_adc_config(unsigned char, Infineon::Smartar::Adc_Config const&)'
[0.581s] /usr/bin/ld: ../../bgt_sdk/libs/linux_x64/libsdk_fmcw.so: undefined reference to `Infineon::Smartar::Communication::write_sequence_trigger(unsigned char)'
[0.581s] /usr/bin/ld: ../../bgt_sdk/libs/linux_x64/libsdk_fmcw.so: undefined reference to `Infineon::Smartar::Communication::read_configuration(std::map<unsigned short, unsigned int, std::less<unsigned short>, std::allocator<std::pair<unsigned short const, unsigned int> > >&)'
[0.581s] /usr/bin/ld: ../../bgt_sdk/libs/linux_x64/libsdk_fmcw.so: undefined reference to `Infineon::Smartar::Configuration::set_ramp_config(unsigned char, Infineon::Smartar::Ramp_Config const&)'
[0.581s] /usr/bin/ld: ../../bgt_sdk/libs/linux_x64/libsdk_fmcw.so: undefined reference to `Infineon::Smartar::Configuration::Configuration(Infineon::Smartar::Configuration&)'
[0.581s] /usr/bin/ld: ../../bgt_sdk/libs/linux_x64/libsdk_fmcw.so: undefined reference to `rdk::RadarDeviceCommon::open_by_port(char const*)'
[0.581s] /usr/bin/ld: ../../bgt_sdk/libs/linux_x64/libsdk_fmcw.so: undefined reference to `Infineon::Smartar::Configuration::get_ramp_duration(unsigned char)'
[0.581s] /usr/bin/ld: ../../bgt_sdk/libs/linux_x64/libsdk_fmcw.so: undefined reference to `Infineon::Smartar::Configuration::get_sequence(unsigned char, Infineon::Smartar::Sequence_Config&) const'
[0.581s] /usr/bin/ld: ../../bgt_sdk/libs/linux_x64/libsdk_fmcw.so: undefined reference to `Infineon::Smartar::Value_Conversion::Scaled_Timer::Scaled_Timer(unsigned int, unsigned int, unsigned int, bool)'
[0.581s] /usr/bin/ld: ../../bgt_sdk/libs/linux_x64/libsdk_fmcw.so: undefined reference to `Infineon::Smartar::Internal::StrataPort::StrataPort(BoardInstance*)'
[0.581s] /usr/bin/ld: ../../bgt_sdk/libs/linux_x64/libsdk_fmcw.so: undefined reference to `Infineon::Smartar::Configuration::set_rx_config(unsigned char, unsigned char, Infineon::Smartar::Rx_Config const&)'
[0.581s] /usr/bin/ld: ../../bgt_sdk/libs/linux_x64/libsdk_fmcw.so: undefined reference to `Infineon::Smartar::Communication::write_configuration(std::map<unsigned short, unsigned int, std::less<unsigned short>, std::allocator<std::pair<unsigned short const, unsigned int> > >&)'
[0.581s] /usr/bin/ld: ../../bgt_sdk/libs/linux_x64/libsdk_fmcw.so: undefined reference to `Infineon::Smartar::Communication::wait_for_sequence_finished(unsigned char, unsigned int)'
[0.581s] collect2: error: ld returned 1 exit status
[0.581s] ninja: build stopped: subcommand failed.
[0.582s] Invoked command in '/home/ubuntu/ros2_ws/src/radar_bgt60tr13c_driver/build/radar_bgt60tr13c_driver' returned '1': CMAKE_PREFIX_PATH=${CMAKE_PREFIX_PATH}:/home/ubuntu/turtlebot3_ws/install/turtlebot3_teleop:/home/ubuntu/turtlebot3_ws/install/turtlebot3_example:/opt/ros/humble /usr/bin/cmake --build /home/ubuntu/ros2_ws/src/radar_bgt60tr13c_driver/build/radar_bgt60tr13c_driver -- -j16 -l16
