[0.015s] Invoking command in '/home/ubuntu/ros2_ws/src/radar_bgt60tr13c_driver/build/radar_bgt60tr13c_driver': CMAKE_PREFIX_PATH=${CMAKE_PREFIX_PATH}:/home/ubuntu/turtlebot3_ws/install/turtlebot3_teleop:/home/ubuntu/turtlebot3_ws/install/turtlebot3_example:/opt/ros/humble /usr/bin/cmake --build /home/ubuntu/ros2_ws/src/radar_bgt60tr13c_driver/build/radar_bgt60tr13c_driver -- -j16 -l16
[0.077s] [35m[1mConsolidate compiler generated dependencies of target radar_publisher_node[0m
[0.101s] [ 50%] [32mBuilding CXX object CMakeFiles/radar_publisher_node.dir/src/radar_node.cpp.o[0m
[3.105s] [100%] [32m[1mLinking CXX executable radar_publisher_node[0m
[3.279s] [100%] Built target radar_publisher_node
[3.292s] Invoked command in '/home/ubuntu/ros2_ws/src/radar_bgt60tr13c_driver/build/radar_bgt60tr13c_driver' returned '0': CMAKE_PREFIX_PATH=${CMAKE_PREFIX_PATH}:/home/ubuntu/turtlebot3_ws/install/turtlebot3_teleop:/home/ubuntu/turtlebot3_ws/install/turtlebot3_example:/opt/ros/humble /usr/bin/cmake --build /home/ubuntu/ros2_ws/src/radar_bgt60tr13c_driver/build/radar_bgt60tr13c_driver -- -j16 -l16
[3.302s] Invoking command in '/home/ubuntu/ros2_ws/src/radar_bgt60tr13c_driver/build/radar_bgt60tr13c_driver': CMAKE_PREFIX_PATH=${CMAKE_PREFIX_PATH}:/home/ubuntu/turtlebot3_ws/install/turtlebot3_teleop:/home/ubuntu/turtlebot3_ws/install/turtlebot3_example:/opt/ros/humble /usr/bin/cmake --install /home/ubuntu/ros2_ws/src/radar_bgt60tr13c_driver/build/radar_bgt60tr13c_driver
[3.311s] -- Install configuration: ""
[3.311s] -- Installing: /home/ubuntu/ros2_ws/src/radar_bgt60tr13c_driver/install/radar_bgt60tr13c_driver/lib/radar_bgt60tr13c_driver/radar_publisher_node
[3.312s] -- Set runtime path of "/home/ubuntu/ros2_ws/src/radar_bgt60tr13c_driver/install/radar_bgt60tr13c_driver/lib/radar_bgt60tr13c_driver/radar_publisher_node" to ""
[3.312s] -- Up-to-date: /home/ubuntu/ros2_ws/src/radar_bgt60tr13c_driver/install/radar_bgt60tr13c_driver/lib/libsdk_base.so
[3.312s] -- Up-to-date: /home/ubuntu/ros2_ws/src/radar_bgt60tr13c_driver/install/radar_bgt60tr13c_driver/lib/libsdk_algo.so
[3.312s] -- Up-to-date: /home/ubuntu/ros2_ws/src/radar_bgt60tr13c_driver/install/radar_bgt60tr13c_driver/lib/libstrata_shared.so
[3.312s] -- Up-to-date: /home/ubuntu/ros2_ws/src/radar_bgt60tr13c_driver/install/radar_bgt60tr13c_driver/lib/libsdk_avian.so
[3.312s] -- Up-to-date: /home/ubuntu/ros2_ws/src/radar_bgt60tr13c_driver/install/radar_bgt60tr13c_driver/lib/liblib_avian.so
[3.312s] -- Up-to-date: /home/ubuntu/ros2_ws/src/radar_bgt60tr13c_driver/install/radar_bgt60tr13c_driver/lib/libsdk_fmcw.so
[3.312s] -- Up-to-date: /home/ubuntu/ros2_ws/src/radar_bgt60tr13c_driver/install/radar_bgt60tr13c_driver/lib/libsdk_radar.so
[3.312s] -- Up-to-date: /home/ubuntu/ros2_ws/src/radar_bgt60tr13c_driver/install/radar_bgt60tr13c_driver/lib/libradar_sdk.so
[3.312s] -- Up-to-date: /home/ubuntu/ros2_ws/src/radar_bgt60tr13c_driver/install/radar_bgt60tr13c_driver/lib/libsdk_radar_device_common.so
[3.312s] -- Up-to-date: /home/ubuntu/ros2_ws/src/radar_bgt60tr13c_driver/install/radar_bgt60tr13c_driver/share/radar_bgt60tr13c_driver/environment/library_path.dsv
[3.312s] -- Up-to-date: /home/ubuntu/ros2_ws/src/radar_bgt60tr13c_driver/install/radar_bgt60tr13c_driver/share/radar_bgt60tr13c_driver/environment/library_path.dsv
[3.313s] -- Up-to-date: /home/ubuntu/ros2_ws/src/radar_bgt60tr13c_driver/install/radar_bgt60tr13c_driver/share/ament_index/resource_index/package_run_dependencies/radar_bgt60tr13c_driver
[3.313s] -- Up-to-date: /home/ubuntu/ros2_ws/src/radar_bgt60tr13c_driver/install/radar_bgt60tr13c_driver/share/ament_index/resource_index/parent_prefix_path/radar_bgt60tr13c_driver
[3.313s] -- Up-to-date: /home/ubuntu/ros2_ws/src/radar_bgt60tr13c_driver/install/radar_bgt60tr13c_driver/share/radar_bgt60tr13c_driver/environment/ament_prefix_path.sh
[3.313s] -- Up-to-date: /home/ubuntu/ros2_ws/src/radar_bgt60tr13c_driver/install/radar_bgt60tr13c_driver/share/radar_bgt60tr13c_driver/environment/ament_prefix_path.dsv
[3.313s] -- Up-to-date: /home/ubuntu/ros2_ws/src/radar_bgt60tr13c_driver/install/radar_bgt60tr13c_driver/share/radar_bgt60tr13c_driver/environment/path.sh
[3.313s] -- Up-to-date: /home/ubuntu/ros2_ws/src/radar_bgt60tr13c_driver/install/radar_bgt60tr13c_driver/share/radar_bgt60tr13c_driver/environment/path.dsv
[3.313s] -- Up-to-date: /home/ubuntu/ros2_ws/src/radar_bgt60tr13c_driver/install/radar_bgt60tr13c_driver/share/radar_bgt60tr13c_driver/local_setup.bash
[3.313s] -- Up-to-date: /home/ubuntu/ros2_ws/src/radar_bgt60tr13c_driver/install/radar_bgt60tr13c_driver/share/radar_bgt60tr13c_driver/local_setup.sh
[3.313s] -- Up-to-date: /home/ubuntu/ros2_ws/src/radar_bgt60tr13c_driver/install/radar_bgt60tr13c_driver/share/radar_bgt60tr13c_driver/local_setup.zsh
[3.313s] -- Up-to-date: /home/ubuntu/ros2_ws/src/radar_bgt60tr13c_driver/install/radar_bgt60tr13c_driver/share/radar_bgt60tr13c_driver/local_setup.dsv
[3.313s] -- Installing: /home/ubuntu/ros2_ws/src/radar_bgt60tr13c_driver/install/radar_bgt60tr13c_driver/share/radar_bgt60tr13c_driver/package.dsv
[3.313s] -- Up-to-date: /home/ubuntu/ros2_ws/src/radar_bgt60tr13c_driver/install/radar_bgt60tr13c_driver/share/ament_index/resource_index/packages/radar_bgt60tr13c_driver
[3.313s] -- Up-to-date: /home/ubuntu/ros2_ws/src/radar_bgt60tr13c_driver/install/radar_bgt60tr13c_driver/share/radar_bgt60tr13c_driver/cmake/radar_bgt60tr13c_driverConfig.cmake
[3.313s] -- Up-to-date: /home/ubuntu/ros2_ws/src/radar_bgt60tr13c_driver/install/radar_bgt60tr13c_driver/share/radar_bgt60tr13c_driver/cmake/radar_bgt60tr13c_driverConfig-version.cmake
[3.313s] -- Up-to-date: /home/ubuntu/ros2_ws/src/radar_bgt60tr13c_driver/install/radar_bgt60tr13c_driver/share/radar_bgt60tr13c_driver/package.xml
[3.314s] Invoked command in '/home/ubuntu/ros2_ws/src/radar_bgt60tr13c_driver/build/radar_bgt60tr13c_driver' returned '0': CMAKE_PREFIX_PATH=${CMAKE_PREFIX_PATH}:/home/ubuntu/turtlebot3_ws/install/turtlebot3_teleop:/home/ubuntu/turtlebot3_ws/install/turtlebot3_example:/opt/ros/humble /usr/bin/cmake --install /home/ubuntu/ros2_ws/src/radar_bgt60tr13c_driver/build/radar_bgt60tr13c_driver
